2025-05-17T05:34:15.760+05:30  INFO 29204 --- [cms] [main] com.cms.CmsApplication                   : Starting CmsApplication using Java 21.0.4 with PID 29204 (R:\CMS WorkSpace\CMS\Back End\target\classes started by DELL in R:\CMS WorkSpace\CMS\Back End)
2025-05-17T05:34:15.769+05:30 DEBUG 29204 --- [cms] [main] com.cms.CmsApplication                   : Running with Spring Boot v3.4.2, Spring v6.2.2
2025-05-17T05:34:15.770+05:30  INFO 29204 --- [cms] [main] com.cms.CmsApplication                   : The following 1 profile is active: "dev"
2025-05-17T05:34:17.648+05:30  INFO 29204 --- [cms] [main] .s.d.r.c.RepositoryConfigurationDelegate : Bootstrapping Spring Data JPA repositories in DEFAULT mode.
2025-05-17T05:34:17.860+05:30  INFO 29204 --- [cms] [main] .s.d.r.c.RepositoryConfigurationDelegate : Finished Spring Data repository scanning in 188 ms. Found 13 JPA repository interfaces.
2025-05-17T05:34:19.187+05:30  INFO 29204 --- [cms] [main] o.s.b.w.embedded.tomcat.TomcatWebServer  : Tomcat initialized with port 8080 (http)
2025-05-17T05:34:19.237+05:30  INFO 29204 --- [cms] [main] o.apache.catalina.core.StandardService   : Starting service [Tomcat]
2025-05-17T05:34:19.239+05:30  INFO 29204 --- [cms] [main] o.apache.catalina.core.StandardEngine    : Starting Servlet engine: [Apache Tomcat/10.1.34]
2025-05-17T05:34:19.455+05:30  INFO 29204 --- [cms] [main] o.a.c.c.C.[Tomcat].[localhost].[/]       : Initializing Spring embedded WebApplicationContext
2025-05-17T05:34:19.457+05:30  INFO 29204 --- [cms] [main] w.s.c.ServletWebServerApplicationContext : Root WebApplicationContext: initialization completed in 3523 ms
2025-05-17T05:34:19.970+05:30  INFO 29204 --- [cms] [main] o.hibernate.jpa.internal.util.LogHelper  : HHH000204: Processing PersistenceUnitInfo [name: default]
2025-05-17T05:34:20.238+05:30  INFO 29204 --- [cms] [main] org.hibernate.Version                    : HHH000412: Hibernate ORM core version 6.6.5.Final
2025-05-17T05:34:20.363+05:30  INFO 29204 --- [cms] [main] o.h.c.internal.RegionFactoryInitiator    : HHH000026: Second-level cache disabled
2025-05-17T05:34:21.756+05:30  INFO 29204 --- [cms] [main] o.s.o.j.p.SpringPersistenceUnitInfo      : No LoadTimeWeaver setup: ignoring JPA class transformer
2025-05-17T05:34:22.061+05:30  INFO 29204 --- [cms] [main] com.zaxxer.hikari.HikariDataSource       : HikariPool-1 - Starting...
2025-05-17T05:34:23.250+05:30  INFO 29204 --- [cms] [main] com.zaxxer.hikari.pool.HikariPool        : HikariPool-1 - Added connection com.mysql.cj.jdbc.ConnectionImpl@6fcc0a1
2025-05-17T05:34:23.255+05:30  INFO 29204 --- [cms] [main] com.zaxxer.hikari.HikariDataSource       : HikariPool-1 - Start completed.
2025-05-17T05:34:23.553+05:30  INFO 29204 --- [cms] [main] org.hibernate.orm.connections.pooling    : HHH10001005: Database info:
	Database JDBC URL [Connecting through datasource 'HikariDataSource (HikariPool-1)']
	Database driver: undefined/unknown
	Database version: 8.0.41
	Autocommit mode: undefined/unknown
	Isolation level: undefined/unknown
	Minimum pool size: undefined/unknown
	Maximum pool size: undefined/unknown
2025-05-17T05:34:26.232+05:30  INFO 29204 --- [cms] [main] o.h.e.t.j.p.i.JtaPlatformInitiator       : HHH000489: No JTA platform available (set 'hibernate.transaction.jta.platform' to enable JTA platform integration)
2025-05-17T05:34:26.606+05:30  INFO 29204 --- [cms] [main] j.LocalContainerEntityManagerFactoryBean : Initialized JPA EntityManagerFactory for persistence unit 'default'
2025-05-17T05:34:27.634+05:30 DEBUG 29204 --- [cms] [main] com.cms.filter.JwtAuthFilter             : Filter 'jwtAuthFilter' configured for use
2025-05-17T05:34:27.637+05:30  INFO 29204 --- [cms] [main] com.cms.configuration.SimpleCorsFilter   : SimpleCorsFilter initialized
2025-05-17T05:34:27.796+05:30  INFO 29204 --- [cms] [main] o.s.d.j.r.query.QueryEnhancerFactory     : Hibernate is in classpath; If applicable, HQL parser will be used.
2025-05-17T05:34:29.665+05:30  INFO 29204 --- [cms] [main] r$InitializeUserDetailsManagerConfigurer : Global AuthenticationManager configured with UserDetailsService bean with name userDetailsServiceImpl
2025-05-17T05:34:30.053+05:30  INFO 29204 --- [cms] [main] com.cms.service.admin.AdminServiceImpl   : Default admin user already exists
2025-05-17T05:34:30.211+05:30  INFO 29204 --- [cms] [main] com.cms.service.EmailTokenService        : Initializing EmailTokenService
2025-05-17T05:34:30.211+05:30  INFO 29204 --- [cms] [main] com.cms.service.EmailTokenService        : EmailTokenService initialized with secret length: 64, expiration: 86400000 ms
2025-05-17T05:34:33.060+05:30  WARN 29204 --- [cms] [main] JpaBaseConfiguration$JpaWebConfiguration : spring.jpa.open-in-view is enabled by default. Therefore, database queries may be performed during view rendering. Explicitly configure spring.jpa.open-in-view to disable this warning
2025-05-17T05:34:35.200+05:30  WARN 29204 --- [cms] [main] ion$DefaultTemplateResolverConfiguration : Cannot find template location: classpath:/templates/ (please add some templates, check your Thymeleaf configuration, or set spring.thymeleaf.check-template-location=false)
2025-05-17T05:34:35.862+05:30  INFO 29204 --- [cms] [main] o.s.b.w.embedded.tomcat.TomcatWebServer  : Tomcat started on port 8080 (http) with context path '/'
2025-05-17T05:34:35.878+05:30  INFO 29204 --- [cms] [main] com.cms.CmsApplication                   : Started CmsApplication in 21.3 seconds (process running for 23.466)
2025-05-17T06:40:13.254+05:30  INFO 29204 --- [cms] [http-nio-8080-exec-1] o.a.c.c.C.[Tomcat].[localhost].[/]       : Initializing Spring DispatcherServlet 'dispatcherServlet'
2025-05-17T06:40:13.255+05:30  INFO 29204 --- [cms] [http-nio-8080-exec-1] o.s.web.servlet.DispatcherServlet        : Initializing Servlet 'dispatcherServlet'
2025-05-17T06:40:13.260+05:30  INFO 29204 --- [cms] [http-nio-8080-exec-1] o.s.web.servlet.DispatcherServlet        : Completed initialization in 5 ms
2025-05-17T06:40:13.267+05:30 DEBUG 29204 --- [cms] [http-nio-8080-exec-1] com.cms.configuration.SimpleCorsFilter   : CORS filter applied for request from origin: http://localhost:3000
2025-05-17T06:40:13.311+05:30  INFO 29204 --- [cms] [http-nio-8080-exec-2] com.cms.filter.JwtAuthFilter             : Processing request for URL: http://localhost:8080/api/login
2025-05-17T06:40:13.312+05:30  WARN 29204 --- [cms] [http-nio-8080-exec-2] com.cms.filter.JwtAuthFilter             : Missing or improperly formatted Authorization header.
2025-05-17T06:40:13.488+05:30  INFO 29204 --- [cms] [http-nio-8080-exec-2] com.cms.controller.AdminController       : Login attempt for user: unihub.cms@gmail.com
2025-05-17T06:40:13.489+05:30  INFO 29204 --- [cms] [http-nio-8080-exec-2] com.cms.service.admin.AdminServiceImpl   : Attempting login for user: unihub.cms@gmail.com
2025-05-17T06:40:13.505+05:30  INFO 29204 --- [cms] [http-nio-8080-exec-2] com.cms.service.admin.AdminServiceImpl   : User found in database. UserRole: ADMIN
2025-05-17T06:40:13.505+05:30  INFO 29204 --- [cms] [http-nio-8080-exec-2] com.cms.service.admin.AdminServiceImpl   : Password field is POPULATED
2025-05-17T06:40:13.639+05:30  INFO 29204 --- [cms] [http-nio-8080-exec-2] com.cms.service.admin.AdminServiceImpl   : Password match result: true
2025-05-17T06:40:13.759+05:30  INFO 29204 --- [cms] [http-nio-8080-exec-2] c.c.service.jwt.UserDetailsServiceImpl   : Attempting to load user by email: unihub.cms@gmail.com
2025-05-17T06:40:13.763+05:30  INFO 29204 --- [cms] [http-nio-8080-exec-2] c.c.service.jwt.UserDetailsServiceImpl   : User found: unihub.cms@gmail.com
2025-05-17T06:40:13.947+05:30  INFO 29204 --- [cms] [http-nio-8080-exec-2] com.cms.service.admin.AdminServiceImpl   : Login successful for user: unihub.cms@gmail.com
2025-05-17T06:40:13.948+05:30  INFO 29204 --- [cms] [http-nio-8080-exec-2] com.cms.controller.AdminController       : Login successful for user: unihub.cms@gmail.com
2025-05-17T06:40:13.991+05:30 DEBUG 29204 --- [cms] [http-nio-8080-exec-2] com.cms.configuration.SimpleCorsFilter   : CORS filter applied for request from origin: http://localhost:3000
2025-05-17T06:40:14.060+05:30 DEBUG 29204 --- [cms] [http-nio-8080-exec-3] com.cms.configuration.SimpleCorsFilter   : CORS filter applied for request from origin: http://localhost:3000
2025-05-17T06:40:14.066+05:30 DEBUG 29204 --- [cms] [http-nio-8080-exec-3] com.cms.configuration.SimpleCorsFilter   : CORS filter applied for request from origin: http://localhost:3000
2025-05-17T06:40:14.067+05:30 DEBUG 29204 --- [cms] [http-nio-8080-exec-4] com.cms.configuration.SimpleCorsFilter   : CORS filter applied for request from origin: http://localhost:3000
2025-05-17T06:40:14.068+05:30 DEBUG 29204 --- [cms] [http-nio-8080-exec-3] com.cms.configuration.SimpleCorsFilter   : CORS filter applied for request from origin: http://localhost:3000
2025-05-17T06:40:14.072+05:30  INFO 29204 --- [cms] [http-nio-8080-exec-6] com.cms.filter.JwtAuthFilter             : Processing request for URL: http://localhost:8080/api/faculty
2025-05-17T06:40:14.073+05:30  INFO 29204 --- [cms] [http-nio-8080-exec-8] com.cms.filter.JwtAuthFilter             : Processing request for URL: http://localhost:8080/api/students
2025-05-17T06:40:14.078+05:30  INFO 29204 --- [cms] [http-nio-8080-exec-9] com.cms.filter.JwtAuthFilter             : Processing request for URL: http://localhost:8080/api/courses
2025-05-17T06:40:14.081+05:30  INFO 29204 --- [cms] [http-nio-8080-exec-10] com.cms.filter.JwtAuthFilter             : Processing request for URL: http://localhost:8080/api/batches
2025-05-17T06:40:14.094+05:30 DEBUG 29204 --- [cms] [http-nio-8080-exec-1] com.cms.configuration.SimpleCorsFilter   : CORS filter applied for request from origin: http://localhost:3000
2025-05-17T06:40:14.097+05:30 DEBUG 29204 --- [cms] [http-nio-8080-exec-2] com.cms.configuration.SimpleCorsFilter   : CORS filter applied for request from origin: http://localhost:3000
2025-05-17T06:40:14.099+05:30 DEBUG 29204 --- [cms] [http-nio-8080-exec-2] com.cms.configuration.SimpleCorsFilter   : CORS filter applied for request from origin: http://localhost:3000
2025-05-17T06:40:14.101+05:30 DEBUG 29204 --- [cms] [http-nio-8080-exec-2] com.cms.configuration.SimpleCorsFilter   : CORS filter applied for request from origin: http://localhost:3000
2025-05-17T06:40:14.143+05:30  INFO 29204 --- [cms] [http-nio-8080-exec-8] com.cms.filter.JwtAuthFilter             : Extracted username from JWT: unihub.cms@gmail.com
2025-05-17T06:40:14.143+05:30  INFO 29204 --- [cms] [http-nio-8080-exec-6] com.cms.filter.JwtAuthFilter             : Extracted username from JWT: unihub.cms@gmail.com
2025-05-17T06:40:14.143+05:30  INFO 29204 --- [cms] [http-nio-8080-exec-9] com.cms.filter.JwtAuthFilter             : Extracted username from JWT: unihub.cms@gmail.com
2025-05-17T06:40:14.144+05:30  INFO 29204 --- [cms] [http-nio-8080-exec-9] c.c.service.jwt.UserDetailsServiceImpl   : Attempting to load user by email: unihub.cms@gmail.com
2025-05-17T06:40:14.143+05:30  INFO 29204 --- [cms] [http-nio-8080-exec-10] com.cms.filter.JwtAuthFilter             : Extracted username from JWT: unihub.cms@gmail.com
2025-05-17T06:40:14.144+05:30  INFO 29204 --- [cms] [http-nio-8080-exec-10] c.c.service.jwt.UserDetailsServiceImpl   : Attempting to load user by email: unihub.cms@gmail.com
2025-05-17T06:40:14.144+05:30  INFO 29204 --- [cms] [http-nio-8080-exec-8] c.c.service.jwt.UserDetailsServiceImpl   : Attempting to load user by email: unihub.cms@gmail.com
2025-05-17T06:40:14.144+05:30  INFO 29204 --- [cms] [http-nio-8080-exec-6] c.c.service.jwt.UserDetailsServiceImpl   : Attempting to load user by email: unihub.cms@gmail.com
2025-05-17T06:40:14.153+05:30  INFO 29204 --- [cms] [http-nio-8080-exec-9] c.c.service.jwt.UserDetailsServiceImpl   : User found: unihub.cms@gmail.com
2025-05-17T06:40:14.157+05:30  INFO 29204 --- [cms] [http-nio-8080-exec-10] c.c.service.jwt.UserDetailsServiceImpl   : User found: unihub.cms@gmail.com
2025-05-17T06:40:14.158+05:30  INFO 29204 --- [cms] [http-nio-8080-exec-8] c.c.service.jwt.UserDetailsServiceImpl   : User found: unihub.cms@gmail.com
2025-05-17T06:40:14.159+05:30  INFO 29204 --- [cms] [http-nio-8080-exec-9] com.cms.filter.JwtAuthFilter             : Authentication successful for user: unihub.cms@gmail.com
2025-05-17T06:40:14.161+05:30  INFO 29204 --- [cms] [http-nio-8080-exec-10] com.cms.filter.JwtAuthFilter             : Authentication successful for user: unihub.cms@gmail.com
2025-05-17T06:40:14.162+05:30  INFO 29204 --- [cms] [http-nio-8080-exec-8] com.cms.filter.JwtAuthFilter             : Authentication successful for user: unihub.cms@gmail.com
2025-05-17T06:40:14.173+05:30  INFO 29204 --- [cms] [http-nio-8080-exec-6] c.c.service.jwt.UserDetailsServiceImpl   : User found: unihub.cms@gmail.com
2025-05-17T06:40:14.179+05:30  INFO 29204 --- [cms] [http-nio-8080-exec-6] com.cms.filter.JwtAuthFilter             : Authentication successful for user: unihub.cms@gmail.com
2025-05-17T06:40:14.280+05:30 DEBUG 29204 --- [cms] [http-nio-8080-exec-8] com.cms.configuration.SimpleCorsFilter   : CORS filter applied for request from origin: http://localhost:3000
2025-05-17T06:40:14.291+05:30  INFO 29204 --- [cms] [http-nio-8080-exec-5] com.cms.filter.JwtAuthFilter             : Processing request for URL: http://localhost:8080/api/students
2025-05-17T06:40:14.295+05:30  INFO 29204 --- [cms] [http-nio-8080-exec-5] com.cms.filter.JwtAuthFilter             : Extracted username from JWT: unihub.cms@gmail.com
2025-05-17T06:40:14.296+05:30  INFO 29204 --- [cms] [http-nio-8080-exec-5] c.c.service.jwt.UserDetailsServiceImpl   : Attempting to load user by email: unihub.cms@gmail.com
2025-05-17T06:40:14.305+05:30  INFO 29204 --- [cms] [http-nio-8080-exec-5] c.c.service.jwt.UserDetailsServiceImpl   : User found: unihub.cms@gmail.com
2025-05-17T06:40:14.310+05:30  INFO 29204 --- [cms] [http-nio-8080-exec-5] com.cms.filter.JwtAuthFilter             : Authentication successful for user: unihub.cms@gmail.com
2025-05-17T06:40:14.331+05:30 DEBUG 29204 --- [cms] [http-nio-8080-exec-5] com.cms.configuration.SimpleCorsFilter   : CORS filter applied for request from origin: http://localhost:3000
2025-05-17T06:40:14.331+05:30 DEBUG 29204 --- [cms] [http-nio-8080-exec-10] com.cms.configuration.SimpleCorsFilter   : CORS filter applied for request from origin: http://localhost:3000
2025-05-17T06:40:14.342+05:30 DEBUG 29204 --- [cms] [http-nio-8080-exec-9] com.cms.configuration.SimpleCorsFilter   : CORS filter applied for request from origin: http://localhost:3000
2025-05-17T06:40:14.347+05:30  INFO 29204 --- [cms] [http-nio-8080-exec-1] com.cms.filter.JwtAuthFilter             : Processing request for URL: http://localhost:8080/api/courses
2025-05-17T06:40:14.347+05:30  INFO 29204 --- [cms] [http-nio-8080-exec-7] com.cms.filter.JwtAuthFilter             : Processing request for URL: http://localhost:8080/api/batches
2025-05-17T06:40:14.351+05:30  INFO 29204 --- [cms] [http-nio-8080-exec-1] com.cms.filter.JwtAuthFilter             : Extracted username from JWT: unihub.cms@gmail.com
2025-05-17T06:40:14.351+05:30  INFO 29204 --- [cms] [http-nio-8080-exec-1] c.c.service.jwt.UserDetailsServiceImpl   : Attempting to load user by email: unihub.cms@gmail.com
2025-05-17T06:40:14.351+05:30  INFO 29204 --- [cms] [http-nio-8080-exec-7] com.cms.filter.JwtAuthFilter             : Extracted username from JWT: unihub.cms@gmail.com
2025-05-17T06:40:14.352+05:30  INFO 29204 --- [cms] [http-nio-8080-exec-7] c.c.service.jwt.UserDetailsServiceImpl   : Attempting to load user by email: unihub.cms@gmail.com
2025-05-17T06:40:14.364+05:30  INFO 29204 --- [cms] [http-nio-8080-exec-1] c.c.service.jwt.UserDetailsServiceImpl   : User found: unihub.cms@gmail.com
2025-05-17T06:40:14.372+05:30  INFO 29204 --- [cms] [http-nio-8080-exec-1] com.cms.filter.JwtAuthFilter             : Authentication successful for user: unihub.cms@gmail.com
2025-05-17T06:40:14.381+05:30  INFO 29204 --- [cms] [http-nio-8080-exec-7] c.c.service.jwt.UserDetailsServiceImpl   : User found: unihub.cms@gmail.com
2025-05-17T06:40:14.387+05:30  INFO 29204 --- [cms] [http-nio-8080-exec-7] com.cms.filter.JwtAuthFilter             : Authentication successful for user: unihub.cms@gmail.com
2025-05-17T06:40:14.400+05:30 DEBUG 29204 --- [cms] [http-nio-8080-exec-7] com.cms.configuration.SimpleCorsFilter   : CORS filter applied for request from origin: http://localhost:3000
2025-05-17T06:40:14.407+05:30 DEBUG 29204 --- [cms] [http-nio-8080-exec-1] com.cms.configuration.SimpleCorsFilter   : CORS filter applied for request from origin: http://localhost:3000
2025-05-17T06:40:14.491+05:30 DEBUG 29204 --- [cms] [http-nio-8080-exec-6] com.cms.configuration.SimpleCorsFilter   : CORS filter applied for request from origin: http://localhost:3000
2025-05-17T06:40:14.505+05:30  INFO 29204 --- [cms] [http-nio-8080-exec-4] com.cms.filter.JwtAuthFilter             : Processing request for URL: http://localhost:8080/api/faculty
2025-05-17T06:40:14.509+05:30  INFO 29204 --- [cms] [http-nio-8080-exec-4] com.cms.filter.JwtAuthFilter             : Extracted username from JWT: unihub.cms@gmail.com
2025-05-17T06:40:14.509+05:30  INFO 29204 --- [cms] [http-nio-8080-exec-4] c.c.service.jwt.UserDetailsServiceImpl   : Attempting to load user by email: unihub.cms@gmail.com
2025-05-17T06:40:14.522+05:30  INFO 29204 --- [cms] [http-nio-8080-exec-4] c.c.service.jwt.UserDetailsServiceImpl   : User found: unihub.cms@gmail.com
2025-05-17T06:40:14.528+05:30  INFO 29204 --- [cms] [http-nio-8080-exec-4] com.cms.filter.JwtAuthFilter             : Authentication successful for user: unihub.cms@gmail.com
2025-05-17T06:40:14.626+05:30 DEBUG 29204 --- [cms] [http-nio-8080-exec-4] com.cms.configuration.SimpleCorsFilter   : CORS filter applied for request from origin: http://localhost:3000
2025-05-17T06:40:16.423+05:30 DEBUG 29204 --- [cms] [http-nio-8080-exec-2] com.cms.configuration.SimpleCorsFilter   : CORS filter applied for request from origin: http://localhost:3000
2025-05-17T06:40:16.423+05:30 DEBUG 29204 --- [cms] [http-nio-8080-exec-3] com.cms.configuration.SimpleCorsFilter   : CORS filter applied for request from origin: http://localhost:3000
2025-05-17T06:40:16.438+05:30  INFO 29204 --- [cms] [http-nio-8080-exec-8] com.cms.filter.JwtAuthFilter             : Processing request for URL: http://localhost:8080/api/students
2025-05-17T06:40:16.443+05:30  INFO 29204 --- [cms] [http-nio-8080-exec-8] com.cms.filter.JwtAuthFilter             : Extracted username from JWT: unihub.cms@gmail.com
2025-05-17T06:40:16.444+05:30  INFO 29204 --- [cms] [http-nio-8080-exec-8] c.c.service.jwt.UserDetailsServiceImpl   : Attempting to load user by email: unihub.cms@gmail.com
2025-05-17T06:40:16.456+05:30  INFO 29204 --- [cms] [http-nio-8080-exec-8] c.c.service.jwt.UserDetailsServiceImpl   : User found: unihub.cms@gmail.com
2025-05-17T06:40:16.461+05:30  INFO 29204 --- [cms] [http-nio-8080-exec-8] com.cms.filter.JwtAuthFilter             : Authentication successful for user: unihub.cms@gmail.com
2025-05-17T06:40:16.475+05:30 DEBUG 29204 --- [cms] [http-nio-8080-exec-8] com.cms.configuration.SimpleCorsFilter   : CORS filter applied for request from origin: http://localhost:3000
2025-05-17T06:40:16.483+05:30  INFO 29204 --- [cms] [http-nio-8080-exec-5] com.cms.filter.JwtAuthFilter             : Processing request for URL: http://localhost:8080/api/students
2025-05-17T06:40:16.487+05:30  INFO 29204 --- [cms] [http-nio-8080-exec-5] com.cms.filter.JwtAuthFilter             : Extracted username from JWT: unihub.cms@gmail.com
2025-05-17T06:40:16.487+05:30  INFO 29204 --- [cms] [http-nio-8080-exec-5] c.c.service.jwt.UserDetailsServiceImpl   : Attempting to load user by email: unihub.cms@gmail.com
2025-05-17T06:40:16.495+05:30  INFO 29204 --- [cms] [http-nio-8080-exec-5] c.c.service.jwt.UserDetailsServiceImpl   : User found: unihub.cms@gmail.com
2025-05-17T06:40:16.501+05:30  INFO 29204 --- [cms] [http-nio-8080-exec-5] com.cms.filter.JwtAuthFilter             : Authentication successful for user: unihub.cms@gmail.com
2025-05-17T06:40:16.513+05:30 DEBUG 29204 --- [cms] [http-nio-8080-exec-5] com.cms.configuration.SimpleCorsFilter   : CORS filter applied for request from origin: http://localhost:3000
2025-05-17T06:40:40.171+05:30 DEBUG 29204 --- [cms] [http-nio-8080-exec-10] com.cms.configuration.SimpleCorsFilter   : CORS filter applied for request from origin: http://localhost:3000
2025-05-17T06:40:40.178+05:30  INFO 29204 --- [cms] [http-nio-8080-exec-9] com.cms.filter.JwtAuthFilter             : Processing request for URL: http://localhost:8080/api/students/3
2025-05-17T06:40:40.181+05:30  INFO 29204 --- [cms] [http-nio-8080-exec-9] com.cms.filter.JwtAuthFilter             : Extracted username from JWT: unihub.cms@gmail.com
2025-05-17T06:40:40.181+05:30  INFO 29204 --- [cms] [http-nio-8080-exec-9] c.c.service.jwt.UserDetailsServiceImpl   : Attempting to load user by email: unihub.cms@gmail.com
2025-05-17T06:40:40.193+05:30  INFO 29204 --- [cms] [http-nio-8080-exec-9] c.c.service.jwt.UserDetailsServiceImpl   : User found: unihub.cms@gmail.com
2025-05-17T06:40:40.199+05:30  INFO 29204 --- [cms] [http-nio-8080-exec-9] com.cms.filter.JwtAuthFilter             : Authentication successful for user: unihub.cms@gmail.com
2025-05-17T06:40:40.407+05:30 DEBUG 29204 --- [cms] [http-nio-8080-exec-9] com.cms.configuration.SimpleCorsFilter   : CORS filter applied for request from origin: http://localhost:3000
2025-05-17T06:40:42.219+05:30 DEBUG 29204 --- [cms] [http-nio-8080-exec-7] com.cms.configuration.SimpleCorsFilter   : CORS filter applied for request from origin: http://localhost:3000
2025-05-17T06:40:42.238+05:30  INFO 29204 --- [cms] [http-nio-8080-exec-1] com.cms.filter.JwtAuthFilter             : Processing request for URL: http://localhost:8080/api/students
2025-05-17T06:40:42.240+05:30  INFO 29204 --- [cms] [http-nio-8080-exec-1] com.cms.filter.JwtAuthFilter             : Extracted username from JWT: unihub.cms@gmail.com
2025-05-17T06:40:42.241+05:30  INFO 29204 --- [cms] [http-nio-8080-exec-1] c.c.service.jwt.UserDetailsServiceImpl   : Attempting to load user by email: unihub.cms@gmail.com
2025-05-17T06:40:42.253+05:30  INFO 29204 --- [cms] [http-nio-8080-exec-1] c.c.service.jwt.UserDetailsServiceImpl   : User found: unihub.cms@gmail.com
2025-05-17T06:40:42.259+05:30  INFO 29204 --- [cms] [http-nio-8080-exec-1] com.cms.filter.JwtAuthFilter             : Authentication successful for user: unihub.cms@gmail.com
2025-05-17T06:40:42.277+05:30 DEBUG 29204 --- [cms] [http-nio-8080-exec-1] com.cms.configuration.SimpleCorsFilter   : CORS filter applied for request from origin: http://localhost:3000
2025-05-17T06:41:02.660+05:30 DEBUG 29204 --- [cms] [http-nio-8080-exec-6] com.cms.configuration.SimpleCorsFilter   : CORS filter applied for request from origin: http://localhost:3000
2025-05-17T06:41:02.668+05:30  INFO 29204 --- [cms] [http-nio-8080-exec-4] com.cms.controller.AdminController       : Student login attempt for user: shylinji15@gmail.com
2025-05-17T06:41:02.668+05:30  INFO 29204 --- [cms] [http-nio-8080-exec-4] com.cms.service.admin.AdminServiceImpl   : Attempting student login for user: shylinji15@gmail.com
2025-05-17T06:41:02.795+05:30  INFO 29204 --- [cms] [http-nio-8080-exec-4] com.cms.service.admin.AdminServiceImpl   : Password match result: true
2025-05-17T06:41:02.795+05:30  INFO 29204 --- [cms] [http-nio-8080-exec-4] c.c.service.jwt.UserDetailsServiceImpl   : Attempting to load user by email: shylinji15@gmail.com
2025-05-17T06:41:02.799+05:30  INFO 29204 --- [cms] [http-nio-8080-exec-4] c.c.service.jwt.UserDetailsServiceImpl   : User found: shylinji15@gmail.com
2025-05-17T06:41:02.912+05:30  INFO 29204 --- [cms] [http-nio-8080-exec-4] com.cms.service.admin.AdminServiceImpl   : Student login successful for user: shylinji15@gmail.com
2025-05-17T06:41:02.912+05:30  INFO 29204 --- [cms] [http-nio-8080-exec-4] com.cms.controller.AdminController       : Student login successful for user: shylinji15@gmail.com
2025-05-17T06:41:02.916+05:30 DEBUG 29204 --- [cms] [http-nio-8080-exec-4] com.cms.configuration.SimpleCorsFilter   : CORS filter applied for request from origin: http://localhost:3000
2025-05-17T07:05:17.907+05:30  INFO 29204 --- [cms] [RMI TCP Connection(111)-127.0.0.1] inMXBeanRegistrar$SpringApplicationAdmin : Application shutdown requested.
2025-05-17T07:05:17.913+05:30  INFO 29204 --- [cms] [RMI TCP Connection(111)-127.0.0.1] o.s.b.w.e.tomcat.GracefulShutdown        : Commencing graceful shutdown. Waiting for active requests to complete
2025-05-17T07:05:17.923+05:30  INFO 29204 --- [cms] [tomcat-shutdown] o.s.b.w.e.tomcat.GracefulShutdown        : Graceful shutdown complete
2025-05-17T07:05:17.938+05:30  INFO 29204 --- [cms] [RMI TCP Connection(111)-127.0.0.1] j.LocalContainerEntityManagerFactoryBean : Closing JPA EntityManagerFactory for persistence unit 'default'
2025-05-17T07:05:17.943+05:30  INFO 29204 --- [cms] [RMI TCP Connection(111)-127.0.0.1] com.zaxxer.hikari.HikariDataSource       : HikariPool-1 - Shutdown initiated...
2025-05-17T07:05:17.951+05:30  INFO 29204 --- [cms] [RMI TCP Connection(111)-127.0.0.1] com.zaxxer.hikari.HikariDataSource       : HikariPool-1 - Shutdown completed.
2025-05-17T07:05:17.955+05:30  INFO 29204 --- [cms] [RMI TCP Connection(111)-127.0.0.1] com.cms.configuration.SimpleCorsFilter   : SimpleCorsFilter destroyed
2025-05-17T09:43:38.387+05:30  INFO 47196 --- [cms] [main] com.cms.CmsApplication                   : Starting CmsApplication using Java 21.0.4 with PID 47196 (R:\CMS WorkSpace\CMS\Back End\target\classes started by DELL in R:\CMS WorkSpace\CMS\Back End)
2025-05-17T09:43:38.391+05:30 DEBUG 47196 --- [cms] [main] com.cms.CmsApplication                   : Running with Spring Boot v3.4.2, Spring v6.2.2
2025-05-17T09:43:38.393+05:30  INFO 47196 --- [cms] [main] com.cms.CmsApplication                   : The following 1 profile is active: "dev"
2025-05-17T09:43:41.524+05:30  INFO 47196 --- [cms] [main] .s.d.r.c.RepositoryConfigurationDelegate : Bootstrapping Spring Data JPA repositories in DEFAULT mode.
2025-05-17T09:43:41.740+05:30  INFO 47196 --- [cms] [main] .s.d.r.c.RepositoryConfigurationDelegate : Finished Spring Data repository scanning in 197 ms. Found 13 JPA repository interfaces.
2025-05-17T09:43:43.361+05:30  INFO 47196 --- [cms] [main] o.s.b.w.embedded.tomcat.TomcatWebServer  : Tomcat initialized with port 8080 (http)
2025-05-17T09:43:43.388+05:30  INFO 47196 --- [cms] [main] o.apache.catalina.core.StandardService   : Starting service [Tomcat]
2025-05-17T09:43:43.389+05:30  INFO 47196 --- [cms] [main] o.apache.catalina.core.StandardEngine    : Starting Servlet engine: [Apache Tomcat/10.1.34]
2025-05-17T09:43:43.503+05:30  INFO 47196 --- [cms] [main] o.a.c.c.C.[Tomcat].[localhost].[/]       : Initializing Spring embedded WebApplicationContext
2025-05-17T09:43:43.504+05:30  INFO 47196 --- [cms] [main] w.s.c.ServletWebServerApplicationContext : Root WebApplicationContext: initialization completed in 4976 ms
2025-05-17T09:43:43.769+05:30  INFO 47196 --- [cms] [main] o.hibernate.jpa.internal.util.LogHelper  : HHH000204: Processing PersistenceUnitInfo [name: default]
2025-05-17T09:43:43.897+05:30  INFO 47196 --- [cms] [main] org.hibernate.Version                    : HHH000412: Hibernate ORM core version 6.6.5.Final
2025-05-17T09:43:43.961+05:30  INFO 47196 --- [cms] [main] o.h.c.internal.RegionFactoryInitiator    : HHH000026: Second-level cache disabled
2025-05-17T09:43:44.476+05:30  INFO 47196 --- [cms] [main] o.s.o.j.p.SpringPersistenceUnitInfo      : No LoadTimeWeaver setup: ignoring JPA class transformer
2025-05-17T09:43:44.537+05:30  INFO 47196 --- [cms] [main] com.zaxxer.hikari.HikariDataSource       : HikariPool-1 - Starting...
2025-05-17T09:43:45.128+05:30  INFO 47196 --- [cms] [main] com.zaxxer.hikari.pool.HikariPool        : HikariPool-1 - Added connection com.mysql.cj.jdbc.ConnectionImpl@12200670
2025-05-17T09:43:45.133+05:30  INFO 47196 --- [cms] [main] com.zaxxer.hikari.HikariDataSource       : HikariPool-1 - Start completed.
2025-05-17T09:43:45.288+05:30  INFO 47196 --- [cms] [main] org.hibernate.orm.connections.pooling    : HHH10001005: Database info:
	Database JDBC URL [Connecting through datasource 'HikariDataSource (HikariPool-1)']
	Database driver: undefined/unknown
	Database version: 8.0.41
	Autocommit mode: undefined/unknown
	Isolation level: undefined/unknown
	Minimum pool size: undefined/unknown
	Maximum pool size: undefined/unknown
2025-05-17T09:43:47.660+05:30  INFO 47196 --- [cms] [main] o.h.e.t.j.p.i.JtaPlatformInitiator       : HHH000489: No JTA platform available (set 'hibernate.transaction.jta.platform' to enable JTA platform integration)
2025-05-17T09:43:48.013+05:30  INFO 47196 --- [cms] [main] j.LocalContainerEntityManagerFactoryBean : Initialized JPA EntityManagerFactory for persistence unit 'default'
2025-05-17T09:43:48.812+05:30 DEBUG 47196 --- [cms] [main] com.cms.filter.JwtAuthFilter             : Filter 'jwtAuthFilter' configured for use
2025-05-17T09:43:48.814+05:30  INFO 47196 --- [cms] [main] com.cms.configuration.SimpleCorsFilter   : SimpleCorsFilter initialized
2025-05-17T09:43:48.926+05:30  INFO 47196 --- [cms] [main] o.s.d.j.r.query.QueryEnhancerFactory     : Hibernate is in classpath; If applicable, HQL parser will be used.
2025-05-17T09:43:50.087+05:30  INFO 47196 --- [cms] [main] r$InitializeUserDetailsManagerConfigurer : Global AuthenticationManager configured with UserDetailsService bean with name userDetailsServiceImpl
2025-05-17T09:43:50.381+05:30  INFO 47196 --- [cms] [main] com.cms.service.admin.AdminServiceImpl   : Default admin user already exists
2025-05-17T09:43:50.492+05:30  INFO 47196 --- [cms] [main] com.cms.service.EmailTokenService        : Initializing EmailTokenService
2025-05-17T09:43:50.493+05:30  INFO 47196 --- [cms] [main] com.cms.service.EmailTokenService        : EmailTokenService initialized with secret length: 64, expiration: 86400000 ms
2025-05-17T09:43:52.389+05:30  WARN 47196 --- [cms] [main] JpaBaseConfiguration$JpaWebConfiguration : spring.jpa.open-in-view is enabled by default. Therefore, database queries may be performed during view rendering. Explicitly configure spring.jpa.open-in-view to disable this warning
2025-05-17T09:43:53.225+05:30  WARN 47196 --- [cms] [main] ion$DefaultTemplateResolverConfiguration : Cannot find template location: classpath:/templates/ (please add some templates, check your Thymeleaf configuration, or set spring.thymeleaf.check-template-location=false)
2025-05-17T09:43:53.582+05:30  INFO 47196 --- [cms] [main] o.s.b.w.embedded.tomcat.TomcatWebServer  : Tomcat started on port 8080 (http) with context path '/'
2025-05-17T09:43:53.601+05:30  INFO 47196 --- [cms] [main] com.cms.CmsApplication                   : Started CmsApplication in 16.363 seconds (process running for 19.032)
2025-05-17T13:10:17.211+05:30  WARN 47196 --- [cms] [HikariPool-1 housekeeper] com.zaxxer.hikari.pool.HikariPool        : HikariPool-1 - Thread starvation or clock leap detected (housekeeper delta=3h31s655ms509µs500ns).
2025-05-17T19:17:54.081+05:30  WARN 47196 --- [cms] [HikariPool-1 housekeeper] com.zaxxer.hikari.pool.HikariPool        : HikariPool-1 - Thread starvation or clock leap detected (housekeeper delta=6h7m46s799ms934µs900ns).
2025-05-17T19:18:02.525+05:30  INFO 47196 --- [cms] [RMI TCP Connection(41)-127.0.0.1] inMXBeanRegistrar$SpringApplicationAdmin : Application shutdown requested.
2025-05-17T19:18:02.532+05:30  INFO 47196 --- [cms] [RMI TCP Connection(41)-127.0.0.1] o.s.b.w.e.tomcat.GracefulShutdown        : Commencing graceful shutdown. Waiting for active requests to complete
2025-05-17T19:18:02.542+05:30  INFO 47196 --- [cms] [tomcat-shutdown] o.s.b.w.e.tomcat.GracefulShutdown        : Graceful shutdown complete
2025-05-17T19:18:02.555+05:30  INFO 47196 --- [cms] [RMI TCP Connection(41)-127.0.0.1] j.LocalContainerEntityManagerFactoryBean : Closing JPA EntityManagerFactory for persistence unit 'default'
2025-05-17T19:18:02.560+05:30  INFO 47196 --- [cms] [RMI TCP Connection(41)-127.0.0.1] com.zaxxer.hikari.HikariDataSource       : HikariPool-1 - Shutdown initiated...
2025-05-17T19:18:02.583+05:30  INFO 47196 --- [cms] [RMI TCP Connection(41)-127.0.0.1] com.zaxxer.hikari.HikariDataSource       : HikariPool-1 - Shutdown completed.
2025-05-17T19:18:02.589+05:30  INFO 47196 --- [cms] [RMI TCP Connection(41)-127.0.0.1] com.cms.configuration.SimpleCorsFilter   : SimpleCorsFilter destroyed
2025-05-17T19:29:33.008+05:30  INFO 28156 --- [cms] [main] com.cms.CmsApplication                   : Starting CmsApplication using Java 21.0.4 with PID 28156 (R:\CMS WorkSpace\CMS\Back End\target\classes started by DELL in R:\CMS WorkSpace\CMS\Back End)
2025-05-17T19:29:33.011+05:30 DEBUG 28156 --- [cms] [main] com.cms.CmsApplication                   : Running with Spring Boot v3.4.2, Spring v6.2.2
2025-05-17T19:29:33.012+05:30  INFO 28156 --- [cms] [main] com.cms.CmsApplication                   : The following 1 profile is active: "dev"
2025-05-17T19:29:35.287+05:30  INFO 28156 --- [cms] [main] .s.d.r.c.RepositoryConfigurationDelegate : Bootstrapping Spring Data JPA repositories in DEFAULT mode.
2025-05-17T19:29:35.590+05:30  INFO 28156 --- [cms] [main] .s.d.r.c.RepositoryConfigurationDelegate : Finished Spring Data repository scanning in 246 ms. Found 13 JPA repository interfaces.
2025-05-17T19:29:37.653+05:30  INFO 28156 --- [cms] [main] o.s.b.w.embedded.tomcat.TomcatWebServer  : Tomcat initialized with port 8080 (http)
2025-05-17T19:29:37.695+05:30  INFO 28156 --- [cms] [main] o.apache.catalina.core.StandardService   : Starting service [Tomcat]
2025-05-17T19:29:37.696+05:30  INFO 28156 --- [cms] [main] o.apache.catalina.core.StandardEngine    : Starting Servlet engine: [Apache Tomcat/10.1.34]
2025-05-17T19:29:37.985+05:30  INFO 28156 --- [cms] [main] o.a.c.c.C.[Tomcat].[localhost].[/]       : Initializing Spring embedded WebApplicationContext
2025-05-17T19:29:37.985+05:30  INFO 28156 --- [cms] [main] w.s.c.ServletWebServerApplicationContext : Root WebApplicationContext: initialization completed in 4830 ms
2025-05-17T19:29:38.717+05:30  INFO 28156 --- [cms] [main] o.hibernate.jpa.internal.util.LogHelper  : HHH000204: Processing PersistenceUnitInfo [name: default]
2025-05-17T19:29:38.977+05:30  INFO 28156 --- [cms] [main] org.hibernate.Version                    : HHH000412: Hibernate ORM core version 6.6.5.Final
2025-05-17T19:29:39.149+05:30  INFO 28156 --- [cms] [main] o.h.c.internal.RegionFactoryInitiator    : HHH000026: Second-level cache disabled
2025-05-17T19:29:40.565+05:30  INFO 28156 --- [cms] [main] o.s.o.j.p.SpringPersistenceUnitInfo      : No LoadTimeWeaver setup: ignoring JPA class transformer
2025-05-17T19:29:40.694+05:30  INFO 28156 --- [cms] [main] com.zaxxer.hikari.HikariDataSource       : HikariPool-1 - Starting...
2025-05-17T19:29:41.948+05:30  INFO 28156 --- [cms] [main] com.zaxxer.hikari.pool.HikariPool        : HikariPool-1 - Added connection com.mysql.cj.jdbc.ConnectionImpl@40ddf339
2025-05-17T19:29:41.954+05:30  INFO 28156 --- [cms] [main] com.zaxxer.hikari.HikariDataSource       : HikariPool-1 - Start completed.
2025-05-17T19:29:42.182+05:30  INFO 28156 --- [cms] [main] org.hibernate.orm.connections.pooling    : HHH10001005: Database info:
	Database JDBC URL [Connecting through datasource 'HikariDataSource (HikariPool-1)']
	Database driver: undefined/unknown
	Database version: 8.0.41
	Autocommit mode: undefined/unknown
	Isolation level: undefined/unknown
	Minimum pool size: undefined/unknown
	Maximum pool size: undefined/unknown
2025-05-17T19:29:45.092+05:30  INFO 28156 --- [cms] [main] o.h.e.t.j.p.i.JtaPlatformInitiator       : HHH000489: No JTA platform available (set 'hibernate.transaction.jta.platform' to enable JTA platform integration)
2025-05-17T19:29:45.360+05:30  INFO 28156 --- [cms] [main] j.LocalContainerEntityManagerFactoryBean : Initialized JPA EntityManagerFactory for persistence unit 'default'
2025-05-17T19:29:46.630+05:30 DEBUG 28156 --- [cms] [main] com.cms.filter.JwtAuthFilter             : Filter 'jwtAuthFilter' configured for use
2025-05-17T19:29:46.636+05:30  INFO 28156 --- [cms] [main] com.cms.configuration.SimpleCorsFilter   : SimpleCorsFilter initialized
2025-05-17T19:29:46.812+05:30  INFO 28156 --- [cms] [main] o.s.d.j.r.query.QueryEnhancerFactory     : Hibernate is in classpath; If applicable, HQL parser will be used.
2025-05-17T19:29:48.506+05:30  INFO 28156 --- [cms] [main] r$InitializeUserDetailsManagerConfigurer : Global AuthenticationManager configured with UserDetailsService bean with name userDetailsServiceImpl
2025-05-17T19:29:48.845+05:30  INFO 28156 --- [cms] [main] com.cms.service.admin.AdminServiceImpl   : Default admin user already exists
2025-05-17T19:29:49.013+05:30  INFO 28156 --- [cms] [main] com.cms.service.EmailTokenService        : Initializing EmailTokenService
2025-05-17T19:29:49.013+05:30  INFO 28156 --- [cms] [main] com.cms.service.EmailTokenService        : EmailTokenService initialized with secret length: 64, expiration: 86400000 ms
2025-05-17T19:29:52.663+05:30  WARN 28156 --- [cms] [main] JpaBaseConfiguration$JpaWebConfiguration : spring.jpa.open-in-view is enabled by default. Therefore, database queries may be performed during view rendering. Explicitly configure spring.jpa.open-in-view to disable this warning
2025-05-17T19:29:54.261+05:30  WARN 28156 --- [cms] [main] ion$DefaultTemplateResolverConfiguration : Cannot find template location: classpath:/templates/ (please add some templates, check your Thymeleaf configuration, or set spring.thymeleaf.check-template-location=false)
2025-05-17T19:29:54.738+05:30  INFO 28156 --- [cms] [main] o.s.b.w.embedded.tomcat.TomcatWebServer  : Tomcat started on port 8080 (http) with context path '/'
2025-05-17T19:29:54.769+05:30  INFO 28156 --- [cms] [main] com.cms.CmsApplication                   : Started CmsApplication in 23.621 seconds (process running for 27.745)
2025-05-17T19:42:18.999+05:30  INFO 28156 --- [cms] [http-nio-8080-exec-1] o.a.c.c.C.[Tomcat].[localhost].[/]       : Initializing Spring DispatcherServlet 'dispatcherServlet'
2025-05-17T19:42:19.000+05:30  INFO 28156 --- [cms] [http-nio-8080-exec-1] o.s.web.servlet.DispatcherServlet        : Initializing Servlet 'dispatcherServlet'
2025-05-17T19:42:19.003+05:30  INFO 28156 --- [cms] [http-nio-8080-exec-1] o.s.web.servlet.DispatcherServlet        : Completed initialization in 3 ms
2025-05-17T19:42:19.010+05:30 DEBUG 28156 --- [cms] [http-nio-8080-exec-1] com.cms.configuration.SimpleCorsFilter   : CORS filter applied for request from origin: http://localhost:3000
2025-05-17T19:42:19.070+05:30  INFO 28156 --- [cms] [http-nio-8080-exec-2] com.cms.filter.JwtAuthFilter             : Processing request for URL: http://localhost:8080/api/login
2025-05-17T19:42:19.070+05:30  WARN 28156 --- [cms] [http-nio-8080-exec-2] com.cms.filter.JwtAuthFilter             : Missing or improperly formatted Authorization header.
2025-05-17T19:42:19.293+05:30  INFO 28156 --- [cms] [http-nio-8080-exec-2] com.cms.controller.AdminController       : Login attempt for user: unihub.cms@gmail.com
2025-05-17T19:42:19.293+05:30  INFO 28156 --- [cms] [http-nio-8080-exec-2] com.cms.service.admin.AdminServiceImpl   : Attempting login for user: unihub.cms@gmail.com
2025-05-17T19:42:19.312+05:30  INFO 28156 --- [cms] [http-nio-8080-exec-2] com.cms.service.admin.AdminServiceImpl   : User found in database. UserRole: ADMIN
2025-05-17T19:42:19.312+05:30  INFO 28156 --- [cms] [http-nio-8080-exec-2] com.cms.service.admin.AdminServiceImpl   : Password field is POPULATED
2025-05-17T19:42:19.491+05:30  INFO 28156 --- [cms] [http-nio-8080-exec-2] com.cms.service.admin.AdminServiceImpl   : Password match result: true
2025-05-17T19:42:19.684+05:30  INFO 28156 --- [cms] [http-nio-8080-exec-2] c.c.service.jwt.UserDetailsServiceImpl   : Attempting to load user by email: unihub.cms@gmail.com
2025-05-17T19:42:19.696+05:30  INFO 28156 --- [cms] [http-nio-8080-exec-2] c.c.service.jwt.UserDetailsServiceImpl   : User found: unihub.cms@gmail.com
2025-05-17T19:42:19.973+05:30  INFO 28156 --- [cms] [http-nio-8080-exec-2] com.cms.service.admin.AdminServiceImpl   : Login successful for user: unihub.cms@gmail.com
2025-05-17T19:42:19.973+05:30  INFO 28156 --- [cms] [http-nio-8080-exec-2] com.cms.controller.AdminController       : Login successful for user: unihub.cms@gmail.com
2025-05-17T19:42:20.024+05:30 DEBUG 28156 --- [cms] [http-nio-8080-exec-2] com.cms.configuration.SimpleCorsFilter   : CORS filter applied for request from origin: http://localhost:3000
2025-05-17T19:42:20.124+05:30 DEBUG 28156 --- [cms] [http-nio-8080-exec-3] com.cms.configuration.SimpleCorsFilter   : CORS filter applied for request from origin: http://localhost:3000
2025-05-17T19:42:20.132+05:30 DEBUG 28156 --- [cms] [http-nio-8080-exec-4] com.cms.configuration.SimpleCorsFilter   : CORS filter applied for request from origin: http://localhost:3000
2025-05-17T19:42:20.133+05:30 DEBUG 28156 --- [cms] [http-nio-8080-exec-5] com.cms.configuration.SimpleCorsFilter   : CORS filter applied for request from origin: http://localhost:3000
2025-05-17T19:42:20.135+05:30 DEBUG 28156 --- [cms] [http-nio-8080-exec-4] com.cms.configuration.SimpleCorsFilter   : CORS filter applied for request from origin: http://localhost:3000
2025-05-17T19:42:20.149+05:30  INFO 28156 --- [cms] [http-nio-8080-exec-7] com.cms.filter.JwtAuthFilter             : Processing request for URL: http://localhost:8080/api/faculty
2025-05-17T19:42:20.154+05:30  INFO 28156 --- [cms] [http-nio-8080-exec-8] com.cms.filter.JwtAuthFilter             : Processing request for URL: http://localhost:8080/api/students
2025-05-17T19:42:20.154+05:30  INFO 28156 --- [cms] [http-nio-8080-exec-9] com.cms.filter.JwtAuthFilter             : Processing request for URL: http://localhost:8080/api/courses
2025-05-17T19:42:20.157+05:30 DEBUG 28156 --- [cms] [http-nio-8080-exec-10] com.cms.configuration.SimpleCorsFilter   : CORS filter applied for request from origin: http://localhost:3000
2025-05-17T19:42:20.164+05:30 DEBUG 28156 --- [cms] [http-nio-8080-exec-10] com.cms.configuration.SimpleCorsFilter   : CORS filter applied for request from origin: http://localhost:3000
2025-05-17T19:42:20.164+05:30 DEBUG 28156 --- [cms] [http-nio-8080-exec-1] com.cms.configuration.SimpleCorsFilter   : CORS filter applied for request from origin: http://localhost:3000
2025-05-17T19:42:20.167+05:30 DEBUG 28156 --- [cms] [http-nio-8080-exec-1] com.cms.configuration.SimpleCorsFilter   : CORS filter applied for request from origin: http://localhost:3000
2025-05-17T19:42:20.172+05:30  INFO 28156 --- [cms] [http-nio-8080-exec-6] com.cms.filter.JwtAuthFilter             : Processing request for URL: http://localhost:8080/api/batches
2025-05-17T19:42:20.227+05:30  INFO 28156 --- [cms] [http-nio-8080-exec-8] com.cms.filter.JwtAuthFilter             : Extracted username from JWT: unihub.cms@gmail.com
2025-05-17T19:42:20.227+05:30  INFO 28156 --- [cms] [http-nio-8080-exec-6] com.cms.filter.JwtAuthFilter             : Extracted username from JWT: unihub.cms@gmail.com
2025-05-17T19:42:20.227+05:30  INFO 28156 --- [cms] [http-nio-8080-exec-7] com.cms.filter.JwtAuthFilter             : Extracted username from JWT: unihub.cms@gmail.com
2025-05-17T19:42:20.227+05:30  INFO 28156 --- [cms] [http-nio-8080-exec-8] c.c.service.jwt.UserDetailsServiceImpl   : Attempting to load user by email: unihub.cms@gmail.com
2025-05-17T19:42:20.227+05:30  INFO 28156 --- [cms] [http-nio-8080-exec-6] c.c.service.jwt.UserDetailsServiceImpl   : Attempting to load user by email: unihub.cms@gmail.com
2025-05-17T19:42:20.227+05:30  INFO 28156 --- [cms] [http-nio-8080-exec-9] com.cms.filter.JwtAuthFilter             : Extracted username from JWT: unihub.cms@gmail.com
2025-05-17T19:42:20.227+05:30  INFO 28156 --- [cms] [http-nio-8080-exec-9] c.c.service.jwt.UserDetailsServiceImpl   : Attempting to load user by email: unihub.cms@gmail.com
2025-05-17T19:42:20.227+05:30  INFO 28156 --- [cms] [http-nio-8080-exec-7] c.c.service.jwt.UserDetailsServiceImpl   : Attempting to load user by email: unihub.cms@gmail.com
2025-05-17T19:42:20.238+05:30  INFO 28156 --- [cms] [http-nio-8080-exec-8] c.c.service.jwt.UserDetailsServiceImpl   : User found: unihub.cms@gmail.com
2025-05-17T19:42:20.245+05:30  INFO 28156 --- [cms] [http-nio-8080-exec-9] c.c.service.jwt.UserDetailsServiceImpl   : User found: unihub.cms@gmail.com
2025-05-17T19:42:20.245+05:30  INFO 28156 --- [cms] [http-nio-8080-exec-6] c.c.service.jwt.UserDetailsServiceImpl   : User found: unihub.cms@gmail.com
2025-05-17T19:42:20.249+05:30  INFO 28156 --- [cms] [http-nio-8080-exec-8] com.cms.filter.JwtAuthFilter             : Authentication successful for user: unihub.cms@gmail.com
2025-05-17T19:42:20.253+05:30  INFO 28156 --- [cms] [http-nio-8080-exec-6] com.cms.filter.JwtAuthFilter             : Authentication successful for user: unihub.cms@gmail.com
2025-05-17T19:42:20.253+05:30  INFO 28156 --- [cms] [http-nio-8080-exec-9] com.cms.filter.JwtAuthFilter             : Authentication successful for user: unihub.cms@gmail.com
2025-05-17T19:42:20.262+05:30  INFO 28156 --- [cms] [http-nio-8080-exec-7] c.c.service.jwt.UserDetailsServiceImpl   : User found: unihub.cms@gmail.com
2025-05-17T19:42:20.276+05:30  INFO 28156 --- [cms] [http-nio-8080-exec-7] com.cms.filter.JwtAuthFilter             : Authentication successful for user: unihub.cms@gmail.com
2025-05-17T19:42:20.405+05:30 DEBUG 28156 --- [cms] [http-nio-8080-exec-8] com.cms.configuration.SimpleCorsFilter   : CORS filter applied for request from origin: http://localhost:3000
2025-05-17T19:42:20.421+05:30  INFO 28156 --- [cms] [http-nio-8080-exec-5] com.cms.filter.JwtAuthFilter             : Processing request for URL: http://localhost:8080/api/students
2025-05-17T19:42:20.424+05:30  INFO 28156 --- [cms] [http-nio-8080-exec-5] com.cms.filter.JwtAuthFilter             : Extracted username from JWT: unihub.cms@gmail.com
2025-05-17T19:42:20.425+05:30  INFO 28156 --- [cms] [http-nio-8080-exec-5] c.c.service.jwt.UserDetailsServiceImpl   : Attempting to load user by email: unihub.cms@gmail.com
2025-05-17T19:42:20.440+05:30  INFO 28156 --- [cms] [http-nio-8080-exec-5] c.c.service.jwt.UserDetailsServiceImpl   : User found: unihub.cms@gmail.com
2025-05-17T19:42:20.448+05:30  INFO 28156 --- [cms] [http-nio-8080-exec-5] com.cms.filter.JwtAuthFilter             : Authentication successful for user: unihub.cms@gmail.com
2025-05-17T19:42:20.462+05:30 DEBUG 28156 --- [cms] [http-nio-8080-exec-6] com.cms.configuration.SimpleCorsFilter   : CORS filter applied for request from origin: http://localhost:3000
2025-05-17T19:42:20.479+05:30 DEBUG 28156 --- [cms] [http-nio-8080-exec-9] com.cms.configuration.SimpleCorsFilter   : CORS filter applied for request from origin: http://localhost:3000
2025-05-17T19:42:20.485+05:30 DEBUG 28156 --- [cms] [http-nio-8080-exec-5] com.cms.configuration.SimpleCorsFilter   : CORS filter applied for request from origin: http://localhost:3000
2025-05-17T19:42:20.496+05:30  INFO 28156 --- [cms] [http-nio-8080-exec-4] com.cms.filter.JwtAuthFilter             : Processing request for URL: http://localhost:8080/api/batches
2025-05-17T19:42:20.498+05:30  INFO 28156 --- [cms] [http-nio-8080-exec-10] com.cms.filter.JwtAuthFilter             : Processing request for URL: http://localhost:8080/api/courses
2025-05-17T19:42:20.500+05:30  INFO 28156 --- [cms] [http-nio-8080-exec-4] com.cms.filter.JwtAuthFilter             : Extracted username from JWT: unihub.cms@gmail.com
2025-05-17T19:42:20.500+05:30  INFO 28156 --- [cms] [http-nio-8080-exec-4] c.c.service.jwt.UserDetailsServiceImpl   : Attempting to load user by email: unihub.cms@gmail.com
2025-05-17T19:42:20.505+05:30  INFO 28156 --- [cms] [http-nio-8080-exec-10] com.cms.filter.JwtAuthFilter             : Extracted username from JWT: unihub.cms@gmail.com
2025-05-17T19:42:20.510+05:30  INFO 28156 --- [cms] [http-nio-8080-exec-10] c.c.service.jwt.UserDetailsServiceImpl   : Attempting to load user by email: unihub.cms@gmail.com
2025-05-17T19:42:20.515+05:30  INFO 28156 --- [cms] [http-nio-8080-exec-4] c.c.service.jwt.UserDetailsServiceImpl   : User found: unihub.cms@gmail.com
2025-05-17T19:42:20.521+05:30  INFO 28156 --- [cms] [http-nio-8080-exec-4] com.cms.filter.JwtAuthFilter             : Authentication successful for user: unihub.cms@gmail.com
2025-05-17T19:42:20.525+05:30  INFO 28156 --- [cms] [http-nio-8080-exec-10] c.c.service.jwt.UserDetailsServiceImpl   : User found: unihub.cms@gmail.com
2025-05-17T19:42:20.532+05:30  INFO 28156 --- [cms] [http-nio-8080-exec-10] com.cms.filter.JwtAuthFilter             : Authentication successful for user: unihub.cms@gmail.com
2025-05-17T19:42:20.539+05:30 DEBUG 28156 --- [cms] [http-nio-8080-exec-4] com.cms.configuration.SimpleCorsFilter   : CORS filter applied for request from origin: http://localhost:3000
2025-05-17T19:42:20.583+05:30 DEBUG 28156 --- [cms] [http-nio-8080-exec-10] com.cms.configuration.SimpleCorsFilter   : CORS filter applied for request from origin: http://localhost:3000
2025-05-17T19:42:20.606+05:30 DEBUG 28156 --- [cms] [http-nio-8080-exec-7] com.cms.configuration.SimpleCorsFilter   : CORS filter applied for request from origin: http://localhost:3000
2025-05-17T19:42:20.649+05:30  INFO 28156 --- [cms] [http-nio-8080-exec-2] com.cms.filter.JwtAuthFilter             : Processing request for URL: http://localhost:8080/api/faculty
2025-05-17T19:42:20.652+05:30  INFO 28156 --- [cms] [http-nio-8080-exec-2] com.cms.filter.JwtAuthFilter             : Extracted username from JWT: unihub.cms@gmail.com
2025-05-17T19:42:20.653+05:30  INFO 28156 --- [cms] [http-nio-8080-exec-2] c.c.service.jwt.UserDetailsServiceImpl   : Attempting to load user by email: unihub.cms@gmail.com
2025-05-17T19:42:20.672+05:30  INFO 28156 --- [cms] [http-nio-8080-exec-2] c.c.service.jwt.UserDetailsServiceImpl   : User found: unihub.cms@gmail.com
2025-05-17T19:42:20.682+05:30  INFO 28156 --- [cms] [http-nio-8080-exec-2] com.cms.filter.JwtAuthFilter             : Authentication successful for user: unihub.cms@gmail.com
2025-05-17T19:42:20.803+05:30 DEBUG 28156 --- [cms] [http-nio-8080-exec-2] com.cms.configuration.SimpleCorsFilter   : CORS filter applied for request from origin: http://localhost:3000
2025-05-17T19:42:37.902+05:30 DEBUG 28156 --- [cms] [http-nio-8080-exec-1] com.cms.configuration.SimpleCorsFilter   : CORS filter applied for request from origin: http://localhost:3000
2025-05-17T19:42:37.905+05:30 DEBUG 28156 --- [cms] [http-nio-8080-exec-3] com.cms.configuration.SimpleCorsFilter   : CORS filter applied for request from origin: http://localhost:3000
2025-05-17T19:42:37.911+05:30  INFO 28156 --- [cms] [http-nio-8080-exec-8] com.cms.filter.JwtAuthFilter             : Processing request for URL: http://localhost:8080/api/faculty
2025-05-17T19:42:37.916+05:30  INFO 28156 --- [cms] [http-nio-8080-exec-8] com.cms.filter.JwtAuthFilter             : Extracted username from JWT: unihub.cms@gmail.com
2025-05-17T19:42:37.916+05:30  INFO 28156 --- [cms] [http-nio-8080-exec-8] c.c.service.jwt.UserDetailsServiceImpl   : Attempting to load user by email: unihub.cms@gmail.com
2025-05-17T19:42:37.930+05:30  INFO 28156 --- [cms] [http-nio-8080-exec-8] c.c.service.jwt.UserDetailsServiceImpl   : User found: unihub.cms@gmail.com
2025-05-17T19:42:37.936+05:30  INFO 28156 --- [cms] [http-nio-8080-exec-8] com.cms.filter.JwtAuthFilter             : Authentication successful for user: unihub.cms@gmail.com
2025-05-17T19:42:38.017+05:30 DEBUG 28156 --- [cms] [http-nio-8080-exec-8] com.cms.configuration.SimpleCorsFilter   : CORS filter applied for request from origin: http://localhost:3000
2025-05-17T19:42:38.025+05:30  INFO 28156 --- [cms] [http-nio-8080-exec-6] com.cms.filter.JwtAuthFilter             : Processing request for URL: http://localhost:8080/api/faculty
2025-05-17T19:42:38.028+05:30  INFO 28156 --- [cms] [http-nio-8080-exec-6] com.cms.filter.JwtAuthFilter             : Extracted username from JWT: unihub.cms@gmail.com
2025-05-17T19:42:38.028+05:30  INFO 28156 --- [cms] [http-nio-8080-exec-6] c.c.service.jwt.UserDetailsServiceImpl   : Attempting to load user by email: unihub.cms@gmail.com
2025-05-17T19:42:38.041+05:30  INFO 28156 --- [cms] [http-nio-8080-exec-6] c.c.service.jwt.UserDetailsServiceImpl   : User found: unihub.cms@gmail.com
2025-05-17T19:42:38.046+05:30  INFO 28156 --- [cms] [http-nio-8080-exec-6] com.cms.filter.JwtAuthFilter             : Authentication successful for user: unihub.cms@gmail.com
2025-05-17T19:42:38.144+05:30 DEBUG 28156 --- [cms] [http-nio-8080-exec-6] com.cms.configuration.SimpleCorsFilter   : CORS filter applied for request from origin: http://localhost:3000
2025-05-17T19:42:44.979+05:30 DEBUG 28156 --- [cms] [http-nio-8080-exec-9] com.cms.configuration.SimpleCorsFilter   : CORS filter applied for request from origin: http://localhost:3000
2025-05-17T19:42:44.980+05:30 DEBUG 28156 --- [cms] [http-nio-8080-exec-5] com.cms.configuration.SimpleCorsFilter   : CORS filter applied for request from origin: http://localhost:3000
2025-05-17T19:42:44.986+05:30  INFO 28156 --- [cms] [http-nio-8080-exec-4] com.cms.filter.JwtAuthFilter             : Processing request for URL: http://localhost:8080/api/students
2025-05-17T19:42:44.988+05:30  INFO 28156 --- [cms] [http-nio-8080-exec-4] com.cms.filter.JwtAuthFilter             : Extracted username from JWT: unihub.cms@gmail.com
2025-05-17T19:42:44.988+05:30  INFO 28156 --- [cms] [http-nio-8080-exec-4] c.c.service.jwt.UserDetailsServiceImpl   : Attempting to load user by email: unihub.cms@gmail.com
2025-05-17T19:42:44.999+05:30  INFO 28156 --- [cms] [http-nio-8080-exec-4] c.c.service.jwt.UserDetailsServiceImpl   : User found: unihub.cms@gmail.com
2025-05-17T19:42:45.007+05:30  INFO 28156 --- [cms] [http-nio-8080-exec-4] com.cms.filter.JwtAuthFilter             : Authentication successful for user: unihub.cms@gmail.com
2025-05-17T19:42:45.022+05:30 DEBUG 28156 --- [cms] [http-nio-8080-exec-4] com.cms.configuration.SimpleCorsFilter   : CORS filter applied for request from origin: http://localhost:3000
2025-05-17T19:42:45.027+05:30  INFO 28156 --- [cms] [http-nio-8080-exec-10] com.cms.filter.JwtAuthFilter             : Processing request for URL: http://localhost:8080/api/students
2025-05-17T19:42:45.030+05:30  INFO 28156 --- [cms] [http-nio-8080-exec-10] com.cms.filter.JwtAuthFilter             : Extracted username from JWT: unihub.cms@gmail.com
2025-05-17T19:42:45.032+05:30  INFO 28156 --- [cms] [http-nio-8080-exec-10] c.c.service.jwt.UserDetailsServiceImpl   : Attempting to load user by email: unihub.cms@gmail.com
2025-05-17T19:42:45.040+05:30  INFO 28156 --- [cms] [http-nio-8080-exec-10] c.c.service.jwt.UserDetailsServiceImpl   : User found: unihub.cms@gmail.com
2025-05-17T19:42:45.044+05:30  INFO 28156 --- [cms] [http-nio-8080-exec-10] com.cms.filter.JwtAuthFilter             : Authentication successful for user: unihub.cms@gmail.com
2025-05-17T19:42:45.056+05:30 DEBUG 28156 --- [cms] [http-nio-8080-exec-10] com.cms.configuration.SimpleCorsFilter   : CORS filter applied for request from origin: http://localhost:3000
2025-05-17T19:42:52.995+05:30 DEBUG 28156 --- [cms] [http-nio-8080-exec-7] com.cms.configuration.SimpleCorsFilter   : CORS filter applied for request from origin: http://localhost:3000
2025-05-17T19:42:52.996+05:30 DEBUG 28156 --- [cms] [http-nio-8080-exec-2] com.cms.configuration.SimpleCorsFilter   : CORS filter applied for request from origin: http://localhost:3000
2025-05-17T19:42:53.007+05:30  INFO 28156 --- [cms] [http-nio-8080-exec-1] com.cms.filter.JwtAuthFilter             : Processing request for URL: http://localhost:8080/api/courses
2025-05-17T19:42:53.012+05:30  INFO 28156 --- [cms] [http-nio-8080-exec-1] com.cms.filter.JwtAuthFilter             : Extracted username from JWT: unihub.cms@gmail.com
2025-05-17T19:42:53.013+05:30  INFO 28156 --- [cms] [http-nio-8080-exec-1] c.c.service.jwt.UserDetailsServiceImpl   : Attempting to load user by email: unihub.cms@gmail.com
2025-05-17T19:42:53.023+05:30  INFO 28156 --- [cms] [http-nio-8080-exec-1] c.c.service.jwt.UserDetailsServiceImpl   : User found: unihub.cms@gmail.com
2025-05-17T19:42:53.027+05:30  INFO 28156 --- [cms] [http-nio-8080-exec-1] com.cms.filter.JwtAuthFilter             : Authentication successful for user: unihub.cms@gmail.com
2025-05-17T19:42:53.047+05:30 DEBUG 28156 --- [cms] [http-nio-8080-exec-1] com.cms.configuration.SimpleCorsFilter   : CORS filter applied for request from origin: http://localhost:3000
2025-05-17T19:42:53.052+05:30  INFO 28156 --- [cms] [http-nio-8080-exec-3] com.cms.filter.JwtAuthFilter             : Processing request for URL: http://localhost:8080/api/courses
2025-05-17T19:42:53.055+05:30  INFO 28156 --- [cms] [http-nio-8080-exec-3] com.cms.filter.JwtAuthFilter             : Extracted username from JWT: unihub.cms@gmail.com
2025-05-17T19:42:53.055+05:30  INFO 28156 --- [cms] [http-nio-8080-exec-3] c.c.service.jwt.UserDetailsServiceImpl   : Attempting to load user by email: unihub.cms@gmail.com
2025-05-17T19:42:53.064+05:30  INFO 28156 --- [cms] [http-nio-8080-exec-3] c.c.service.jwt.UserDetailsServiceImpl   : User found: unihub.cms@gmail.com
2025-05-17T19:42:53.069+05:30  INFO 28156 --- [cms] [http-nio-8080-exec-3] com.cms.filter.JwtAuthFilter             : Authentication successful for user: unihub.cms@gmail.com
2025-05-17T19:42:53.086+05:30 DEBUG 28156 --- [cms] [http-nio-8080-exec-3] com.cms.configuration.SimpleCorsFilter   : CORS filter applied for request from origin: http://localhost:3000
2025-05-17T19:43:09.512+05:30 DEBUG 28156 --- [cms] [http-nio-8080-exec-8] com.cms.configuration.SimpleCorsFilter   : CORS filter applied for request from origin: http://localhost:3000
2025-05-17T19:43:09.519+05:30  INFO 28156 --- [cms] [http-nio-8080-exec-6] com.cms.controller.AdminController       : Faculty login attempt for user: vino@gmail.com
2025-05-17T19:43:09.520+05:30  INFO 28156 --- [cms] [http-nio-8080-exec-6] com.cms.service.admin.AdminServiceImpl   : Attempting faculty login for user: vino@gmail.com
2025-05-17T19:43:09.650+05:30  INFO 28156 --- [cms] [http-nio-8080-exec-6] com.cms.service.admin.AdminServiceImpl   : Password match result: true
2025-05-17T19:43:09.651+05:30  INFO 28156 --- [cms] [http-nio-8080-exec-6] c.c.service.jwt.UserDetailsServiceImpl   : Attempting to load user by email: vino@gmail.com
2025-05-17T19:43:09.654+05:30  INFO 28156 --- [cms] [http-nio-8080-exec-6] c.c.service.jwt.UserDetailsServiceImpl   : User found: vino@gmail.com
2025-05-17T19:43:09.764+05:30  INFO 28156 --- [cms] [http-nio-8080-exec-6] com.cms.service.admin.AdminServiceImpl   : Faculty login successful for user: vino@gmail.com
2025-05-17T19:43:09.764+05:30  INFO 28156 --- [cms] [http-nio-8080-exec-6] com.cms.controller.AdminController       : Faculty login successful for user: vino@gmail.com
2025-05-17T19:43:09.766+05:30 DEBUG 28156 --- [cms] [http-nio-8080-exec-6] com.cms.configuration.SimpleCorsFilter   : CORS filter applied for request from origin: http://localhost:3000
2025-05-17T19:43:09.797+05:30 DEBUG 28156 --- [cms] [http-nio-8080-exec-5] com.cms.configuration.SimpleCorsFilter   : CORS filter applied for request from origin: http://localhost:3000
2025-05-17T19:43:09.801+05:30 DEBUG 28156 --- [cms] [http-nio-8080-exec-4] com.cms.configuration.SimpleCorsFilter   : CORS filter applied for request from origin: http://localhost:3000
2025-05-17T19:43:09.797+05:30 DEBUG 28156 --- [cms] [http-nio-8080-exec-9] com.cms.configuration.SimpleCorsFilter   : CORS filter applied for request from origin: http://localhost:3000
2025-05-17T19:43:09.808+05:30 DEBUG 28156 --- [cms] [http-nio-8080-exec-10] com.cms.configuration.SimpleCorsFilter   : CORS filter applied for request from origin: http://localhost:3000
2025-05-17T19:43:09.810+05:30 DEBUG 28156 --- [cms] [http-nio-8080-exec-9] com.cms.configuration.SimpleCorsFilter   : CORS filter applied for request from origin: http://localhost:3000
2025-05-17T19:43:09.811+05:30 DEBUG 28156 --- [cms] [http-nio-8080-exec-10] com.cms.configuration.SimpleCorsFilter   : CORS filter applied for request from origin: http://localhost:3000
2025-05-17T19:43:09.839+05:30  INFO 28156 --- [cms] [http-nio-8080-exec-1] com.cms.filter.JwtAuthFilter             : Processing request for URL: http://localhost:8080/api/batches
2025-05-17T19:43:09.843+05:30  INFO 28156 --- [cms] [http-nio-8080-exec-1] com.cms.filter.JwtAuthFilter             : Extracted username from JWT: vino@gmail.com
2025-05-17T19:43:09.843+05:30  INFO 28156 --- [cms] [http-nio-8080-exec-1] c.c.service.jwt.UserDetailsServiceImpl   : Attempting to load user by email: vino@gmail.com
2025-05-17T19:43:09.844+05:30  INFO 28156 --- [cms] [http-nio-8080-exec-3] com.cms.filter.JwtAuthFilter             : Processing request for URL: http://localhost:8080/api/faculties/dashboard/faculty/1/assigned-courses
2025-05-17T19:43:09.847+05:30  INFO 28156 --- [cms] [http-nio-8080-exec-3] com.cms.filter.JwtAuthFilter             : Extracted username from JWT: vino@gmail.com
2025-05-17T19:43:09.848+05:30  INFO 28156 --- [cms] [http-nio-8080-exec-3] c.c.service.jwt.UserDetailsServiceImpl   : Attempting to load user by email: vino@gmail.com
2025-05-17T19:43:09.857+05:30  INFO 28156 --- [cms] [http-nio-8080-exec-1] c.c.service.jwt.UserDetailsServiceImpl   : User found: vino@gmail.com
2025-05-17T19:43:09.859+05:30  INFO 28156 --- [cms] [http-nio-8080-exec-8] com.cms.filter.JwtAuthFilter             : Processing request for URL: http://localhost:8080/api/faculties/dashboard/courses
2025-05-17T19:43:09.861+05:30  INFO 28156 --- [cms] [http-nio-8080-exec-8] com.cms.filter.JwtAuthFilter             : Extracted username from JWT: vino@gmail.com
2025-05-17T19:43:09.861+05:30  INFO 28156 --- [cms] [http-nio-8080-exec-1] com.cms.filter.JwtAuthFilter             : Authentication successful for user: vino@gmail.com
2025-05-17T19:43:09.861+05:30  INFO 28156 --- [cms] [http-nio-8080-exec-8] c.c.service.jwt.UserDetailsServiceImpl   : Attempting to load user by email: vino@gmail.com
2025-05-17T19:43:09.863+05:30  INFO 28156 --- [cms] [http-nio-8080-exec-3] c.c.service.jwt.UserDetailsServiceImpl   : User found: vino@gmail.com
2025-05-17T19:43:09.870+05:30  INFO 28156 --- [cms] [http-nio-8080-exec-3] com.cms.filter.JwtAuthFilter             : Authentication successful for user: vino@gmail.com
2025-05-17T19:43:09.874+05:30 DEBUG 28156 --- [cms] [http-nio-8080-exec-1] com.cms.configuration.SimpleCorsFilter   : CORS filter applied for request from origin: http://localhost:3000
2025-05-17T19:43:09.878+05:30  INFO 28156 --- [cms] [http-nio-8080-exec-8] c.c.service.jwt.UserDetailsServiceImpl   : User found: vino@gmail.com
2025-05-17T19:43:09.886+05:30  INFO 28156 --- [cms] [http-nio-8080-exec-8] com.cms.filter.JwtAuthFilter             : Authentication successful for user: vino@gmail.com
2025-05-17T19:43:09.912+05:30 DEBUG 28156 --- [cms] [http-nio-8080-exec-8] com.cms.configuration.SimpleCorsFilter   : CORS filter applied for request from origin: http://localhost:3000
2025-05-17T19:43:09.922+05:30 DEBUG 28156 --- [cms] [http-nio-8080-exec-3] com.cms.configuration.SimpleCorsFilter   : CORS filter applied for request from origin: http://localhost:3000
2025-05-17T19:43:09.924+05:30  INFO 28156 --- [cms] [http-nio-8080-exec-3] com.cms.filter.JwtAuthFilter             : Processing request for URL: http://localhost:8080/api/batches
2025-05-17T19:43:09.927+05:30  INFO 28156 --- [cms] [http-nio-8080-exec-3] com.cms.filter.JwtAuthFilter             : Extracted username from JWT: vino@gmail.com
2025-05-17T19:43:09.927+05:30  INFO 28156 --- [cms] [http-nio-8080-exec-3] c.c.service.jwt.UserDetailsServiceImpl   : Attempting to load user by email: vino@gmail.com
2025-05-17T19:43:09.937+05:30  INFO 28156 --- [cms] [http-nio-8080-exec-5] com.cms.filter.JwtAuthFilter             : Processing request for URL: http://localhost:8080/api/faculties/dashboard/courses
2025-05-17T19:43:09.941+05:30  INFO 28156 --- [cms] [http-nio-8080-exec-5] com.cms.filter.JwtAuthFilter             : Extracted username from JWT: vino@gmail.com
2025-05-17T19:43:09.942+05:30  INFO 28156 --- [cms] [http-nio-8080-exec-5] c.c.service.jwt.UserDetailsServiceImpl   : Attempting to load user by email: vino@gmail.com
2025-05-17T19:43:09.943+05:30  INFO 28156 --- [cms] [http-nio-8080-exec-3] c.c.service.jwt.UserDetailsServiceImpl   : User found: vino@gmail.com
2025-05-17T19:43:09.951+05:30  INFO 28156 --- [cms] [http-nio-8080-exec-3] com.cms.filter.JwtAuthFilter             : Authentication successful for user: vino@gmail.com
2025-05-17T19:43:09.954+05:30  INFO 28156 --- [cms] [http-nio-8080-exec-4] com.cms.filter.JwtAuthFilter             : Processing request for URL: http://localhost:8080/api/faculties/dashboard/faculty/1/assigned-courses
2025-05-17T19:43:09.957+05:30  INFO 28156 --- [cms] [http-nio-8080-exec-5] c.c.service.jwt.UserDetailsServiceImpl   : User found: vino@gmail.com
2025-05-17T19:43:09.959+05:30  INFO 28156 --- [cms] [http-nio-8080-exec-4] com.cms.filter.JwtAuthFilter             : Extracted username from JWT: vino@gmail.com
2025-05-17T19:43:09.959+05:30  INFO 28156 --- [cms] [http-nio-8080-exec-4] c.c.service.jwt.UserDetailsServiceImpl   : Attempting to load user by email: vino@gmail.com
2025-05-17T19:43:09.962+05:30  INFO 28156 --- [cms] [http-nio-8080-exec-5] com.cms.filter.JwtAuthFilter             : Authentication successful for user: vino@gmail.com
2025-05-17T19:43:09.973+05:30 DEBUG 28156 --- [cms] [http-nio-8080-exec-3] com.cms.configuration.SimpleCorsFilter   : CORS filter applied for request from origin: http://localhost:3000
2025-05-17T19:43:09.988+05:30 DEBUG 28156 --- [cms] [http-nio-8080-exec-5] com.cms.configuration.SimpleCorsFilter   : CORS filter applied for request from origin: http://localhost:3000
2025-05-17T19:43:09.999+05:30  INFO 28156 --- [cms] [http-nio-8080-exec-4] c.c.service.jwt.UserDetailsServiceImpl   : User found: vino@gmail.com
2025-05-17T19:43:10.008+05:30  INFO 28156 --- [cms] [http-nio-8080-exec-4] com.cms.filter.JwtAuthFilter             : Authentication successful for user: vino@gmail.com
2025-05-17T19:43:10.039+05:30 DEBUG 28156 --- [cms] [http-nio-8080-exec-4] com.cms.configuration.SimpleCorsFilter   : CORS filter applied for request from origin: http://localhost:3000
2025-05-17T19:43:21.327+05:30 DEBUG 28156 --- [cms] [http-nio-8080-exec-2] com.cms.configuration.SimpleCorsFilter   : CORS filter applied for request from origin: http://localhost:3000
2025-05-17T19:43:21.329+05:30 DEBUG 28156 --- [cms] [http-nio-8080-exec-2] com.cms.configuration.SimpleCorsFilter   : CORS filter applied for request from origin: http://localhost:3000
2025-05-17T19:43:21.329+05:30 DEBUG 28156 --- [cms] [http-nio-8080-exec-10] com.cms.configuration.SimpleCorsFilter   : CORS filter applied for request from origin: http://localhost:3000
2025-05-17T19:43:21.334+05:30 DEBUG 28156 --- [cms] [http-nio-8080-exec-2] com.cms.configuration.SimpleCorsFilter   : CORS filter applied for request from origin: http://localhost:3000
2025-05-17T19:43:21.344+05:30  INFO 28156 --- [cms] [http-nio-8080-exec-6] com.cms.filter.JwtAuthFilter             : Processing request for URL: http://localhost:8080/api/batches
2025-05-17T19:43:21.346+05:30  INFO 28156 --- [cms] [http-nio-8080-exec-3] com.cms.filter.JwtAuthFilter             : Processing request for URL: http://localhost:8080/api/timetable/faculty/1
2025-05-17T19:43:21.347+05:30  INFO 28156 --- [cms] [http-nio-8080-exec-6] com.cms.filter.JwtAuthFilter             : Extracted username from JWT: vino@gmail.com
2025-05-17T19:43:21.347+05:30  INFO 28156 --- [cms] [http-nio-8080-exec-6] c.c.service.jwt.UserDetailsServiceImpl   : Attempting to load user by email: vino@gmail.com
2025-05-17T19:43:21.348+05:30  INFO 28156 --- [cms] [http-nio-8080-exec-3] com.cms.filter.JwtAuthFilter             : Extracted username from JWT: vino@gmail.com
2025-05-17T19:43:21.348+05:30  INFO 28156 --- [cms] [http-nio-8080-exec-3] c.c.service.jwt.UserDetailsServiceImpl   : Attempting to load user by email: vino@gmail.com
2025-05-17T19:43:21.359+05:30  INFO 28156 --- [cms] [http-nio-8080-exec-3] c.c.service.jwt.UserDetailsServiceImpl   : User found: vino@gmail.com
2025-05-17T19:43:21.359+05:30  INFO 28156 --- [cms] [http-nio-8080-exec-6] c.c.service.jwt.UserDetailsServiceImpl   : User found: vino@gmail.com
2025-05-17T19:43:21.363+05:30  INFO 28156 --- [cms] [http-nio-8080-exec-6] com.cms.filter.JwtAuthFilter             : Authentication successful for user: vino@gmail.com
2025-05-17T19:43:21.363+05:30  INFO 28156 --- [cms] [http-nio-8080-exec-3] com.cms.filter.JwtAuthFilter             : Authentication successful for user: vino@gmail.com
2025-05-17T19:43:21.373+05:30 DEBUG 28156 --- [cms] [http-nio-8080-exec-6] com.cms.configuration.SimpleCorsFilter   : CORS filter applied for request from origin: http://localhost:3000
2025-05-17T19:43:21.378+05:30  INFO 28156 --- [cms] [http-nio-8080-exec-5] com.cms.filter.JwtAuthFilter             : Processing request for URL: http://localhost:8080/api/batches
2025-05-17T19:43:21.387+05:30  INFO 28156 --- [cms] [http-nio-8080-exec-5] com.cms.filter.JwtAuthFilter             : Extracted username from JWT: vino@gmail.com
2025-05-17T19:43:21.388+05:30  INFO 28156 --- [cms] [http-nio-8080-exec-5] c.c.service.jwt.UserDetailsServiceImpl   : Attempting to load user by email: vino@gmail.com
2025-05-17T19:43:21.400+05:30  INFO 28156 --- [cms] [http-nio-8080-exec-5] c.c.service.jwt.UserDetailsServiceImpl   : User found: vino@gmail.com
2025-05-17T19:43:21.405+05:30  INFO 28156 --- [cms] [http-nio-8080-exec-5] com.cms.filter.JwtAuthFilter             : Authentication successful for user: vino@gmail.com
2025-05-17T19:43:21.413+05:30 DEBUG 28156 --- [cms] [http-nio-8080-exec-5] com.cms.configuration.SimpleCorsFilter   : CORS filter applied for request from origin: http://localhost:3000
2025-05-17T19:43:21.444+05:30 DEBUG 28156 --- [cms] [http-nio-8080-exec-3] com.cms.configuration.SimpleCorsFilter   : CORS filter applied for request from origin: http://localhost:3000
2025-05-17T19:43:21.449+05:30  INFO 28156 --- [cms] [http-nio-8080-exec-4] com.cms.filter.JwtAuthFilter             : Processing request for URL: http://localhost:8080/api/timetable/faculty/1
2025-05-17T19:43:21.452+05:30  INFO 28156 --- [cms] [http-nio-8080-exec-4] com.cms.filter.JwtAuthFilter             : Extracted username from JWT: vino@gmail.com
2025-05-17T19:43:21.453+05:30  INFO 28156 --- [cms] [http-nio-8080-exec-4] c.c.service.jwt.UserDetailsServiceImpl   : Attempting to load user by email: vino@gmail.com
2025-05-17T19:43:21.467+05:30  INFO 28156 --- [cms] [http-nio-8080-exec-4] c.c.service.jwt.UserDetailsServiceImpl   : User found: vino@gmail.com
2025-05-17T19:43:21.471+05:30  INFO 28156 --- [cms] [http-nio-8080-exec-4] com.cms.filter.JwtAuthFilter             : Authentication successful for user: vino@gmail.com
2025-05-17T19:43:21.509+05:30 DEBUG 28156 --- [cms] [http-nio-8080-exec-4] com.cms.configuration.SimpleCorsFilter   : CORS filter applied for request from origin: http://localhost:3000
2025-05-17T19:43:34.359+05:30 DEBUG 28156 --- [cms] [http-nio-8080-exec-9] com.cms.configuration.SimpleCorsFilter   : CORS filter applied for request from origin: http://localhost:3000
2025-05-17T19:43:34.372+05:30  INFO 28156 --- [cms] [http-nio-8080-exec-7] com.cms.filter.JwtAuthFilter             : Processing request for URL: http://localhost:8080/api/timetable/batch/3
2025-05-17T19:43:34.374+05:30  INFO 28156 --- [cms] [http-nio-8080-exec-7] com.cms.filter.JwtAuthFilter             : Extracted username from JWT: vino@gmail.com
2025-05-17T19:43:34.375+05:30  INFO 28156 --- [cms] [http-nio-8080-exec-7] c.c.service.jwt.UserDetailsServiceImpl   : Attempting to load user by email: vino@gmail.com
2025-05-17T19:43:34.393+05:30  INFO 28156 --- [cms] [http-nio-8080-exec-7] c.c.service.jwt.UserDetailsServiceImpl   : User found: vino@gmail.com
2025-05-17T19:43:34.400+05:30  INFO 28156 --- [cms] [http-nio-8080-exec-7] com.cms.filter.JwtAuthFilter             : Authentication successful for user: vino@gmail.com
2025-05-17T19:43:34.634+05:30 DEBUG 28156 --- [cms] [http-nio-8080-exec-7] com.cms.configuration.SimpleCorsFilter   : CORS filter applied for request from origin: http://localhost:3000
2025-05-17T19:43:44.512+05:30 DEBUG 28156 --- [cms] [http-nio-8080-exec-10] com.cms.configuration.SimpleCorsFilter   : CORS filter applied for request from origin: http://localhost:3000
2025-05-17T19:43:44.517+05:30 DEBUG 28156 --- [cms] [http-nio-8080-exec-1] com.cms.configuration.SimpleCorsFilter   : CORS filter applied for request from origin: http://localhost:3000
2025-05-17T19:43:44.529+05:30  INFO 28156 --- [cms] [http-nio-8080-exec-8] com.cms.filter.JwtAuthFilter             : Processing request for URL: http://localhost:8080/api/timetable/faculty/1
2025-05-17T19:43:44.531+05:30  INFO 28156 --- [cms] [http-nio-8080-exec-8] com.cms.filter.JwtAuthFilter             : Extracted username from JWT: vino@gmail.com
2025-05-17T19:43:44.531+05:30  INFO 28156 --- [cms] [http-nio-8080-exec-8] c.c.service.jwt.UserDetailsServiceImpl   : Attempting to load user by email: vino@gmail.com
2025-05-17T19:43:44.561+05:30  INFO 28156 --- [cms] [http-nio-8080-exec-8] c.c.service.jwt.UserDetailsServiceImpl   : User found: vino@gmail.com
2025-05-17T19:43:44.566+05:30  INFO 28156 --- [cms] [http-nio-8080-exec-8] com.cms.filter.JwtAuthFilter             : Authentication successful for user: vino@gmail.com
2025-05-17T19:43:44.601+05:30 DEBUG 28156 --- [cms] [http-nio-8080-exec-8] com.cms.configuration.SimpleCorsFilter   : CORS filter applied for request from origin: http://localhost:3000
2025-05-17T19:43:44.607+05:30 DEBUG 28156 --- [cms] [http-nio-8080-exec-6] com.cms.configuration.SimpleCorsFilter   : CORS filter applied for request from origin: http://localhost:3000
2025-05-17T19:43:44.613+05:30  INFO 28156 --- [cms] [http-nio-8080-exec-2] com.cms.filter.JwtAuthFilter             : Processing request for URL: http://localhost:8080/api/timetable/faculty/1
2025-05-17T19:43:44.619+05:30  INFO 28156 --- [cms] [http-nio-8080-exec-2] com.cms.filter.JwtAuthFilter             : Extracted username from JWT: vino@gmail.com
2025-05-17T19:43:44.619+05:30  INFO 28156 --- [cms] [http-nio-8080-exec-2] c.c.service.jwt.UserDetailsServiceImpl   : Attempting to load user by email: vino@gmail.com
2025-05-17T19:43:44.627+05:30  INFO 28156 --- [cms] [http-nio-8080-exec-5] com.cms.filter.JwtAuthFilter             : Processing request for URL: http://localhost:8080/api/batches
2025-05-17T19:43:44.630+05:30  INFO 28156 --- [cms] [http-nio-8080-exec-2] c.c.service.jwt.UserDetailsServiceImpl   : User found: vino@gmail.com
2025-05-17T19:43:44.630+05:30  INFO 28156 --- [cms] [http-nio-8080-exec-5] com.cms.filter.JwtAuthFilter             : Extracted username from JWT: vino@gmail.com
2025-05-17T19:43:44.630+05:30  INFO 28156 --- [cms] [http-nio-8080-exec-5] c.c.service.jwt.UserDetailsServiceImpl   : Attempting to load user by email: vino@gmail.com
2025-05-17T19:43:44.634+05:30  INFO 28156 --- [cms] [http-nio-8080-exec-2] com.cms.filter.JwtAuthFilter             : Authentication successful for user: vino@gmail.com
2025-05-17T19:43:44.642+05:30  INFO 28156 --- [cms] [http-nio-8080-exec-5] c.c.service.jwt.UserDetailsServiceImpl   : User found: vino@gmail.com
2025-05-17T19:43:44.647+05:30  INFO 28156 --- [cms] [http-nio-8080-exec-5] com.cms.filter.JwtAuthFilter             : Authentication successful for user: vino@gmail.com
2025-05-17T19:43:44.657+05:30 DEBUG 28156 --- [cms] [http-nio-8080-exec-5] com.cms.configuration.SimpleCorsFilter   : CORS filter applied for request from origin: http://localhost:3000
2025-05-17T19:43:44.671+05:30 DEBUG 28156 --- [cms] [http-nio-8080-exec-2] com.cms.configuration.SimpleCorsFilter   : CORS filter applied for request from origin: http://localhost:3000
2025-05-17T19:43:44.681+05:30 DEBUG 28156 --- [cms] [http-nio-8080-exec-3] com.cms.configuration.SimpleCorsFilter   : CORS filter applied for request from origin: http://localhost:3000
2025-05-17T19:43:44.686+05:30  INFO 28156 --- [cms] [http-nio-8080-exec-4] com.cms.filter.JwtAuthFilter             : Processing request for URL: http://localhost:8080/api/batches
2025-05-17T19:43:44.690+05:30  INFO 28156 --- [cms] [http-nio-8080-exec-4] com.cms.filter.JwtAuthFilter             : Extracted username from JWT: vino@gmail.com
2025-05-17T19:43:44.691+05:30  INFO 28156 --- [cms] [http-nio-8080-exec-4] c.c.service.jwt.UserDetailsServiceImpl   : Attempting to load user by email: vino@gmail.com
2025-05-17T19:43:44.707+05:30  INFO 28156 --- [cms] [http-nio-8080-exec-4] c.c.service.jwt.UserDetailsServiceImpl   : User found: vino@gmail.com
2025-05-17T19:43:44.711+05:30  INFO 28156 --- [cms] [http-nio-8080-exec-4] com.cms.filter.JwtAuthFilter             : Authentication successful for user: vino@gmail.com
2025-05-17T19:43:44.720+05:30 DEBUG 28156 --- [cms] [http-nio-8080-exec-4] com.cms.configuration.SimpleCorsFilter   : CORS filter applied for request from origin: http://localhost:3000
2025-05-17T19:43:59.858+05:30 DEBUG 28156 --- [cms] [http-nio-8080-exec-9] com.cms.configuration.SimpleCorsFilter   : CORS filter applied for request from origin: http://localhost:3000
2025-05-17T19:43:59.863+05:30  INFO 28156 --- [cms] [http-nio-8080-exec-9] com.cms.filter.JwtAuthFilter             : Processing request for URL: http://localhost:8080/api/substitute/filter-faculty
2025-05-17T19:43:59.866+05:30  INFO 28156 --- [cms] [http-nio-8080-exec-9] com.cms.filter.JwtAuthFilter             : Extracted username from JWT: vino@gmail.com
2025-05-17T19:43:59.866+05:30  INFO 28156 --- [cms] [http-nio-8080-exec-9] c.c.service.jwt.UserDetailsServiceImpl   : Attempting to load user by email: vino@gmail.com
2025-05-17T19:43:59.874+05:30  INFO 28156 --- [cms] [http-nio-8080-exec-9] c.c.service.jwt.UserDetailsServiceImpl   : User found: vino@gmail.com
2025-05-17T19:43:59.877+05:30  INFO 28156 --- [cms] [http-nio-8080-exec-9] com.cms.filter.JwtAuthFilter             : Authentication successful for user: vino@gmail.com
2025-05-17T19:44:00.200+05:30 DEBUG 28156 --- [cms] [http-nio-8080-exec-9] com.cms.configuration.SimpleCorsFilter   : CORS filter applied for request from origin: http://localhost:3000
2025-05-17T19:44:20.581+05:30 DEBUG 28156 --- [cms] [http-nio-8080-exec-7] com.cms.configuration.SimpleCorsFilter   : CORS filter applied for request from origin: http://localhost:3000
2025-05-17T19:44:20.588+05:30  INFO 28156 --- [cms] [http-nio-8080-exec-10] com.cms.controller.AdminController       : Student login attempt for user: sairabegam03@gmail.com
2025-05-17T19:44:20.588+05:30  INFO 28156 --- [cms] [http-nio-8080-exec-10] com.cms.service.admin.AdminServiceImpl   : Attempting student login for user: sairabegam03@gmail.com
2025-05-17T19:44:20.726+05:30  INFO 28156 --- [cms] [http-nio-8080-exec-10] com.cms.service.admin.AdminServiceImpl   : Password match result: true
2025-05-17T19:44:20.726+05:30  INFO 28156 --- [cms] [http-nio-8080-exec-10] c.c.service.jwt.UserDetailsServiceImpl   : Attempting to load user by email: sairabegam03@gmail.com
2025-05-17T19:44:20.729+05:30  INFO 28156 --- [cms] [http-nio-8080-exec-10] c.c.service.jwt.UserDetailsServiceImpl   : User found: sairabegam03@gmail.com
2025-05-17T19:44:20.853+05:30  INFO 28156 --- [cms] [http-nio-8080-exec-10] com.cms.service.admin.AdminServiceImpl   : Student login successful for user: sairabegam03@gmail.com
2025-05-17T19:44:20.853+05:30  INFO 28156 --- [cms] [http-nio-8080-exec-10] com.cms.controller.AdminController       : Student login successful for user: sairabegam03@gmail.com
2025-05-17T19:44:20.858+05:30 DEBUG 28156 --- [cms] [http-nio-8080-exec-10] com.cms.configuration.SimpleCorsFilter   : CORS filter applied for request from origin: http://localhost:3000
2025-05-17T19:44:22.456+05:30 DEBUG 28156 --- [cms] [http-nio-8080-exec-6] com.cms.configuration.SimpleCorsFilter   : CORS filter applied for request from origin: http://localhost:3000
2025-05-17T19:44:22.457+05:30 DEBUG 28156 --- [cms] [http-nio-8080-exec-5] com.cms.configuration.SimpleCorsFilter   : CORS filter applied for request from origin: http://localhost:3000
2025-05-17T19:44:22.463+05:30  INFO 28156 --- [cms] [http-nio-8080-exec-2] com.cms.filter.JwtAuthFilter             : Processing request for URL: http://localhost:8080/api/attendance/student/1/percentage
2025-05-17T19:44:22.465+05:30  INFO 28156 --- [cms] [http-nio-8080-exec-2] com.cms.filter.JwtAuthFilter             : Extracted username from JWT: sairabegam03@gmail.com
2025-05-17T19:44:22.465+05:30  INFO 28156 --- [cms] [http-nio-8080-exec-2] c.c.service.jwt.UserDetailsServiceImpl   : Attempting to load user by email: sairabegam03@gmail.com
2025-05-17T19:44:22.476+05:30  INFO 28156 --- [cms] [http-nio-8080-exec-2] c.c.service.jwt.UserDetailsServiceImpl   : User found: sairabegam03@gmail.com
2025-05-17T19:44:22.480+05:30  INFO 28156 --- [cms] [http-nio-8080-exec-2] com.cms.filter.JwtAuthFilter             : Authentication successful for user: sairabegam03@gmail.com
2025-05-17T19:44:22.763+05:30 DEBUG 28156 --- [cms] [http-nio-8080-exec-2] com.cms.configuration.SimpleCorsFilter   : CORS filter applied for request from origin: http://localhost:3000
2025-05-17T19:44:22.767+05:30  INFO 28156 --- [cms] [http-nio-8080-exec-3] com.cms.filter.JwtAuthFilter             : Processing request for URL: http://localhost:8080/api/attendance/student/1/percentage
2025-05-17T19:44:22.770+05:30  INFO 28156 --- [cms] [http-nio-8080-exec-3] com.cms.filter.JwtAuthFilter             : Extracted username from JWT: sairabegam03@gmail.com
2025-05-17T19:44:22.773+05:30  INFO 28156 --- [cms] [http-nio-8080-exec-3] c.c.service.jwt.UserDetailsServiceImpl   : Attempting to load user by email: sairabegam03@gmail.com
2025-05-17T19:44:22.781+05:30  INFO 28156 --- [cms] [http-nio-8080-exec-3] c.c.service.jwt.UserDetailsServiceImpl   : User found: sairabegam03@gmail.com
2025-05-17T19:44:22.786+05:30  INFO 28156 --- [cms] [http-nio-8080-exec-3] com.cms.filter.JwtAuthFilter             : Authentication successful for user: sairabegam03@gmail.com
2025-05-17T19:44:23.032+05:30 DEBUG 28156 --- [cms] [http-nio-8080-exec-3] com.cms.configuration.SimpleCorsFilter   : CORS filter applied for request from origin: http://localhost:3000
2025-05-17T19:44:29.195+05:30 DEBUG 28156 --- [cms] [http-nio-8080-exec-4] com.cms.configuration.SimpleCorsFilter   : CORS filter applied for request from origin: http://localhost:3000
2025-05-17T19:44:29.200+05:30 DEBUG 28156 --- [cms] [http-nio-8080-exec-9] com.cms.configuration.SimpleCorsFilter   : CORS filter applied for request from origin: http://localhost:3000
2025-05-17T19:44:29.202+05:30 DEBUG 28156 --- [cms] [http-nio-8080-exec-9] com.cms.configuration.SimpleCorsFilter   : CORS filter applied for request from origin: http://localhost:3000
2025-05-17T19:44:29.203+05:30 DEBUG 28156 --- [cms] [http-nio-8080-exec-7] com.cms.configuration.SimpleCorsFilter   : CORS filter applied for request from origin: http://localhost:3000
2025-05-17T19:44:29.212+05:30  INFO 28156 --- [cms] [http-nio-8080-exec-8] com.cms.filter.JwtAuthFilter             : Processing request for URL: http://localhost:8080/api/faculty
2025-05-17T19:44:29.215+05:30  INFO 28156 --- [cms] [http-nio-8080-exec-8] com.cms.filter.JwtAuthFilter             : Extracted username from JWT: sairabegam03@gmail.com
2025-05-17T19:44:29.215+05:30  INFO 28156 --- [cms] [http-nio-8080-exec-8] c.c.service.jwt.UserDetailsServiceImpl   : Attempting to load user by email: sairabegam03@gmail.com
2025-05-17T19:44:29.216+05:30  INFO 28156 --- [cms] [http-nio-8080-exec-1] com.cms.filter.JwtAuthFilter             : Processing request for URL: http://localhost:8080/api/student-leave/student/1
2025-05-17T19:44:29.219+05:30  INFO 28156 --- [cms] [http-nio-8080-exec-1] com.cms.filter.JwtAuthFilter             : Extracted username from JWT: sairabegam03@gmail.com
2025-05-17T19:44:29.219+05:30  INFO 28156 --- [cms] [http-nio-8080-exec-1] c.c.service.jwt.UserDetailsServiceImpl   : Attempting to load user by email: sairabegam03@gmail.com
2025-05-17T19:44:29.223+05:30  INFO 28156 --- [cms] [http-nio-8080-exec-8] c.c.service.jwt.UserDetailsServiceImpl   : User found: sairabegam03@gmail.com
2025-05-17T19:44:29.228+05:30  INFO 28156 --- [cms] [http-nio-8080-exec-8] com.cms.filter.JwtAuthFilter             : Authentication successful for user: sairabegam03@gmail.com
2025-05-17T19:44:29.229+05:30  INFO 28156 --- [cms] [http-nio-8080-exec-1] c.c.service.jwt.UserDetailsServiceImpl   : User found: sairabegam03@gmail.com
2025-05-17T19:44:29.235+05:30  INFO 28156 --- [cms] [http-nio-8080-exec-1] com.cms.filter.JwtAuthFilter             : Authentication successful for user: sairabegam03@gmail.com
2025-05-17T19:44:29.239+05:30  INFO 28156 --- [cms] [http-nio-8080-exec-1] com.cms.service.StudentLeaveService      : Fetching leave requests for student ID: 1
2025-05-17T19:44:29.265+05:30  INFO 28156 --- [cms] [http-nio-8080-exec-1] com.cms.service.StudentLeaveService      : Found 3 leave requests for student ID: 1
2025-05-17T19:44:29.273+05:30 DEBUG 28156 --- [cms] [http-nio-8080-exec-1] com.cms.configuration.SimpleCorsFilter   : CORS filter applied for request from origin: http://localhost:3000
2025-05-17T19:44:29.285+05:30  INFO 28156 --- [cms] [http-nio-8080-exec-6] com.cms.filter.JwtAuthFilter             : Processing request for URL: http://localhost:8080/api/student-leave/student/1
2025-05-17T19:44:29.287+05:30  INFO 28156 --- [cms] [http-nio-8080-exec-6] com.cms.filter.JwtAuthFilter             : Extracted username from JWT: sairabegam03@gmail.com
2025-05-17T19:44:29.287+05:30  INFO 28156 --- [cms] [http-nio-8080-exec-6] c.c.service.jwt.UserDetailsServiceImpl   : Attempting to load user by email: sairabegam03@gmail.com
2025-05-17T19:44:29.294+05:30  INFO 28156 --- [cms] [http-nio-8080-exec-6] c.c.service.jwt.UserDetailsServiceImpl   : User found: sairabegam03@gmail.com
2025-05-17T19:44:29.294+05:30 DEBUG 28156 --- [cms] [http-nio-8080-exec-8] com.cms.configuration.SimpleCorsFilter   : CORS filter applied for request from origin: http://localhost:3000
2025-05-17T19:44:29.298+05:30  INFO 28156 --- [cms] [http-nio-8080-exec-6] com.cms.filter.JwtAuthFilter             : Authentication successful for user: sairabegam03@gmail.com
2025-05-17T19:44:29.300+05:30  INFO 28156 --- [cms] [http-nio-8080-exec-6] com.cms.service.StudentLeaveService      : Fetching leave requests for student ID: 1
2025-05-17T19:44:29.305+05:30  INFO 28156 --- [cms] [http-nio-8080-exec-5] com.cms.filter.JwtAuthFilter             : Processing request for URL: http://localhost:8080/api/faculty
2025-05-17T19:44:29.312+05:30  INFO 28156 --- [cms] [http-nio-8080-exec-5] com.cms.filter.JwtAuthFilter             : Extracted username from JWT: sairabegam03@gmail.com
2025-05-17T19:44:29.312+05:30  INFO 28156 --- [cms] [http-nio-8080-exec-5] c.c.service.jwt.UserDetailsServiceImpl   : Attempting to load user by email: sairabegam03@gmail.com
2025-05-17T19:44:29.319+05:30  INFO 28156 --- [cms] [http-nio-8080-exec-5] c.c.service.jwt.UserDetailsServiceImpl   : User found: sairabegam03@gmail.com
2025-05-17T19:44:29.324+05:30  INFO 28156 --- [cms] [http-nio-8080-exec-5] com.cms.filter.JwtAuthFilter             : Authentication successful for user: sairabegam03@gmail.com
2025-05-17T19:44:29.327+05:30  INFO 28156 --- [cms] [http-nio-8080-exec-6] com.cms.service.StudentLeaveService      : Found 3 leave requests for student ID: 1
2025-05-17T19:44:29.330+05:30 DEBUG 28156 --- [cms] [http-nio-8080-exec-6] com.cms.configuration.SimpleCorsFilter   : CORS filter applied for request from origin: http://localhost:3000
2025-05-17T19:44:29.375+05:30 DEBUG 28156 --- [cms] [http-nio-8080-exec-5] com.cms.configuration.SimpleCorsFilter   : CORS filter applied for request from origin: http://localhost:3000
2025-05-17T20:01:32.821+05:30  INFO 28156 --- [cms] [RMI TCP Connection(41)-127.0.0.1] inMXBeanRegistrar$SpringApplicationAdmin : Application shutdown requested.
2025-05-17T20:01:32.826+05:30  INFO 28156 --- [cms] [RMI TCP Connection(41)-127.0.0.1] o.s.b.w.e.tomcat.GracefulShutdown        : Commencing graceful shutdown. Waiting for active requests to complete
2025-05-17T20:01:32.837+05:30  INFO 28156 --- [cms] [tomcat-shutdown] o.s.b.w.e.tomcat.GracefulShutdown        : Graceful shutdown complete
2025-05-17T20:01:32.849+05:30  INFO 28156 --- [cms] [RMI TCP Connection(41)-127.0.0.1] j.LocalContainerEntityManagerFactoryBean : Closing JPA EntityManagerFactory for persistence unit 'default'
2025-05-17T20:01:32.853+05:30  INFO 28156 --- [cms] [RMI TCP Connection(41)-127.0.0.1] com.zaxxer.hikari.HikariDataSource       : HikariPool-1 - Shutdown initiated...
2025-05-17T20:01:32.864+05:30  INFO 28156 --- [cms] [RMI TCP Connection(41)-127.0.0.1] com.zaxxer.hikari.HikariDataSource       : HikariPool-1 - Shutdown completed.
2025-05-17T20:01:32.868+05:30  INFO 28156 --- [cms] [RMI TCP Connection(41)-127.0.0.1] com.cms.configuration.SimpleCorsFilter   : SimpleCorsFilter destroyed
